#
# There is insufficient memory for the Java Runtime Environment to continue.
# Native memory allocation (malloc) failed to allocate 665776 bytes for Chunk::new
# Possible reasons:
#   The system is out of physical RAM or swap space
#   The process is running with CompressedOops enabled, and the Java Heap may be blocking the growth of the native heap
# Possible solutions:
#   Reduce memory load on the system
#   Increase physical memory or swap space
#   Check if swap backing store is full
#   Decrease Java heap size (-Xmx/-Xms)
#   Decrease number of Java threads
#   Decrease Java thread stack sizes (-Xss)
#   Set larger code cache with -XX:ReservedCodeCacheSize=
#   JVM is running with Unscaled Compressed Oops mode in which the Java heap is
#     placed in the first 4GB address space. The Java Heap base address is the
#     maximum limit for the native heap growth. Please use -XX:HeapBaseMinAddress
#     to set the Java Heap base and to place the Java Heap above 4GB virtual address.
# This output file may be truncated or incomplete.
#
#  Out of Memory Error (arena.cpp:168), pid=13984, tid=22488
#
# JRE version: Java(TM) SE Runtime Environment (21.0.1+12) (build 21.0.1+12-LTS-29)
# Java VM: Java HotSpot(TM) 64-Bit Server VM (21.0.1+12-LTS-29, mixed mode, sharing, tiered, compressed oops, compressed class ptrs, g1 gc, windows-amd64)
# No core dump will be written. Minidumps are not enabled by default on client versions of Windows
#

---------------  S U M M A R Y ------------

Command Line: -Dfile.encoding=UTF-8 -Dstdout.encoding=UTF-8 -Dstderr.encoding=UTF-8 -XX:+ShowCodeDetailsInExceptionMessages qsp.Practice1

Host: Intel(R) Core(TM) i5-5200U CPU @ 2.20GHz, 4 cores, 3G,  Windows 11 , 64 bit Build 22000 (10.0.22000.2600)
Time: Thu Mar  7 16:43:36 2024 UTC-11 elapsed time: 24.239101 seconds (0d 0h 0m 24s)

---------------  T H R E A D  ---------------

Current thread (0x000002936ae97790):  JavaThread "C2 CompilerThread0" daemon [_thread_in_native, id=22488, stack(0x000000fa8f500000,0x000000fa8f600000) (1024K)]


Current CompileTask:
C2:  24239 1704       4       java.lang.invoke.MethodType::makeImpl (109 bytes)

Stack: [0x000000fa8f500000,0x000000fa8f600000]
Native frames: (J=compiled Java code, j=interpreted, Vv=VM code, C=native code)
V  [jvm.dll+0x6c9029]
V  [jvm.dll+0x854b81]
V  [jvm.dll+0x856e5e]
V  [jvm.dll+0x857543]
V  [jvm.dll+0x280c06]
V  [jvm.dll+0xc3ead]
V  [jvm.dll+0xc43c3]
V  [jvm.dll+0x2f3f3f]
V  [jvm.dll+0x5f40a6]
V  [jvm.dll+0x252bef]
V  [jvm.dll+0x24b4d0]
V  [jvm.dll+0x248fa3]
V  [jvm.dll+0x1c9ca1]
V  [jvm.dll+0x2586b9]
V  [jvm.dll+0x256c9a]
V  [jvm.dll+0x3ef1b6]
V  [jvm.dll+0x7fd728]
V  [jvm.dll+0x6c777d]
C  [ucrtbase.dll+0x26c0c]
C  [KERNEL32.DLL+0x153e0]
C  [ntdll.dll+0x485b]


---------------  P R O C E S S  ---------------

Threads class SMR info:
_java_thread_list=0x000002936f231ee0, length=20, elements={
0x000002934dfa0ba0, 0x000002936ae8d620, 0x000002936ae8f4a0, 0x000002936ae93920,
0x000002936ae91860, 0x000002936ae95fa0, 0x000002936ae96a00, 0x000002936ae97790,
0x000002936aea87c0, 0x000002936f1870e0, 0x000002936f195700, 0x000002936f5e0c30,
0x000002936f894410, 0x000002936fae06a0, 0x000002936fc6cee0, 0x000002936fc6d550,
0x000002936fc6e190, 0x000002936fb03f70, 0x000002936fb02530, 0x000002936fb03250
}

Java Threads: ( => current thread )
  0x000002934dfa0ba0 JavaThread "Forwarding newSession on session null to remote"        [_thread_in_vm, id=23952, stack(0x000000fa8e700000,0x000000fa8e800000) (1024K)]
  0x000002936ae8d620 JavaThread "Reference Handler"          daemon [_thread_blocked, id=23688, stack(0x000000fa8ef00000,0x000000fa8f000000) (1024K)]
  0x000002936ae8f4a0 JavaThread "Finalizer"                  daemon [_thread_blocked, id=21032, stack(0x000000fa8f000000,0x000000fa8f100000) (1024K)]
  0x000002936ae93920 JavaThread "Signal Dispatcher"          daemon [_thread_blocked, id=23580, stack(0x000000fa8f100000,0x000000fa8f200000) (1024K)]
  0x000002936ae91860 JavaThread "Attach Listener"            daemon [_thread_blocked, id=23576, stack(0x000000fa8f200000,0x000000fa8f300000) (1024K)]
  0x000002936ae95fa0 JavaThread "Service Thread"             daemon [_thread_blocked, id=22564, stack(0x000000fa8f300000,0x000000fa8f400000) (1024K)]
  0x000002936ae96a00 JavaThread "Monitor Deflation Thread"   daemon [_thread_blocked, id=17680, stack(0x000000fa8f400000,0x000000fa8f500000) (1024K)]
=>0x000002936ae97790 JavaThread "C2 CompilerThread0"         daemon [_thread_in_native, id=22488, stack(0x000000fa8f500000,0x000000fa8f600000) (1024K)]
  0x000002936aea87c0 JavaThread "C1 CompilerThread0"         daemon [_thread_blocked, id=21772, stack(0x000000fa8f600000,0x000000fa8f700000) (1024K)]
  0x000002936f1870e0 JavaThread "Notification Thread"        daemon [_thread_blocked, id=24348, stack(0x000000fa8f700000,0x000000fa8f800000) (1024K)]
  0x000002936f195700 JavaThread "Common-Cleaner"             daemon [_thread_blocked, id=20080, stack(0x000000fa8f800000,0x000000fa8f900000) (1024K)]
  0x000002936f5e0c30 JavaThread "ForkJoinPool.commonPool-worker-1" daemon [_thread_blocked, id=23188, stack(0x000000fa8f900000,0x000000fa8fa00000) (1024K)]
  0x000002936f894410 JavaThread "HttpClient-1-SelectorManager" daemon [_thread_in_native, id=24476, stack(0x000000fa8fd00000,0x000000fa8fe00000) (1024K)]
  0x000002936fae06a0 JavaThread "External Process Output Forwarder - C:\Users\Jitendra\.cache\selenium\chromedriver\win64\122.0.6261.94\chromedriver.exe"        [_thread_in_native, id=23016, stack(0x000000fa8fe00000,0x000000fa8ff00000) (1024K)]
  0x000002936fc6cee0 JavaThread "Driver Service Executor"    daemon [_thread_blocked, id=24484, stack(0x000000fa8ff00000,0x000000fa90000000) (1024K)]
  0x000002936fc6d550 JavaThread "Driver Service Executor"    daemon [_thread_in_native, id=24344, stack(0x000000fa90000000,0x000000fa90100000) (1024K)]
  0x000002936fc6e190 JavaThread "UrlChecker-2"               daemon [_thread_blocked, id=3076, stack(0x000000fa90100000,0x000000fa90200000) (1024K)]
  0x000002936fb03f70 JavaThread "pool-1-thread-1"                   [_thread_blocked, id=22644, stack(0x000000fa90400000,0x000000fa90500000) (1024K)]
  0x000002936fb02530 JavaThread "pool-1-thread-2"                   [_thread_blocked, id=22752, stack(0x000000fa90500000,0x000000fa90600000) (1024K)]
  0x000002936fb03250 JavaThread "pool-1-thread-3"                   [_thread_blocked, id=23572, stack(0x000000fa90600000,0x000000fa90700000) (1024K)]
Total: 20

Other Threads:
  0x00000293502dfd10 VMThread "VM Thread"                           [id=9416, stack(0x000000fa8ee00000,0x000000fa8ef00000) (1024K)]
  0x000002936ae7c7e0 WatcherThread "VM Periodic Task Thread"        [id=23900, stack(0x000000fa8ed00000,0x000000fa8ee00000) (1024K)]
  0x0000029350256710 WorkerThread "GC Thread#0"                     [id=23716, stack(0x000000fa8e800000,0x000000fa8e900000) (1024K)]
  0x000002936af28070 WorkerThread "GC Thread#1"                     [id=10748, stack(0x000000fa8fa00000,0x000000fa8fb00000) (1024K)]
  0x000002936f76ae30 WorkerThread "GC Thread#2"                     [id=14676, stack(0x000000fa8fb00000,0x000000fa8fc00000) (1024K)]
  0x000002936f76b1d0 WorkerThread "GC Thread#3"                     [id=20652, stack(0x000000fa8fc00000,0x000000fa8fd00000) (1024K)]
  0x00000293502615a0 ConcurrentGCThread "G1 Main Marker"            [id=23792, stack(0x000000fa8e900000,0x000000fa8ea00000) (1024K)]
  0x00000293502620a0 WorkerThread "G1 Conc#0"                       [id=24408, stack(0x000000fa8ea00000,0x000000fa8eb00000) (1024K)]
  0x00000293502b57f0 ConcurrentGCThread "G1 Refine#0"               [id=8228, stack(0x000000fa8eb00000,0x000000fa8ec00000) (1024K)]
  0x00000293502b7370 ConcurrentGCThread "G1 Service"                [id=22188, stack(0x000000fa8ec00000,0x000000fa8ed00000) (1024K)]
Total: 10

Threads with active compile tasks:
C2 CompilerThread0    24304 1704       4       java.lang.invoke.MethodType::makeImpl (109 bytes)
Total: 1

VM state: not at safepoint (normal execution)

VM Mutex/Monitor currently owned by a thread:  ([mutex/lock_event])
[0x00007ffc9e1c8578] Metaspace_lock - owner thread: 0x000002934dfa0ba0

Heap address: 0x00000000c1600000, size: 1002 MB, Compressed Oops mode: 32-bit

CDS archive(s) mapped at: [0x0000029300000000-0x0000029300c90000-0x0000029300c90000), size 13172736, SharedBaseAddress: 0x0000029300000000, ArchiveRelocationMode: 1.
Compressed class space mapped at: 0x0000029301000000-0x0000029341000000, reserved size: 1073741824
Narrow klass base: 0x0000029300000000, Narrow klass shift: 0, Narrow klass range: 0x100000000

GC Precious Log:
 CardTable entry size: 512
 Card Set container configuration: InlinePtr #cards 5 size 8 Array Of Cards #cards 12 size 40 Howl #buckets 4 coarsen threshold 1843 Howl Bitmap #cards 512 size 80 coarsen threshold 460 Card regions per heap region 1 cards per card region 2048
 CPUs: 4 total, 4 available
 Memory: 4000M
 Large Page Support: Disabled
 NUMA Support: Disabled
 Compressed Oops: Enabled (32-bit)
 Heap Region Size: 1M
 Heap Min Capacity: 8M
 Heap Initial Capacity: 64M
 Heap Max Capacity: 1002M
 Pre-touch: Disabled
 Parallel Workers: 4
 Concurrent Workers: 1
 Concurrent Refinement Workers: 4
 Periodic GC: Disabled

Heap:
 garbage-first heap   total 65536K, used 22062K [0x00000000c1600000, 0x0000000100000000)
  region size 1024K, 11 young (11264K), 2 survivors (2048K)
 Metaspace       used 12685K, committed 13056K, reserved 1114112K
  class space    used 1536K, committed 1728K, reserved 1048576K

Heap Regions: E=young(eden), S=young(survivor), O=old, HS=humongous(starts), HC=humongous(continues), CS=collection set, F=free, TAMS=top-at-mark-start, PB=parsable bottom
|   0|0x00000000c1600000, 0x00000000c1700000, 0x00000000c1700000|100%|HS|  |TAMS 0x00000000c1600000| PB 0x00000000c1600000| Complete 
|   1|0x00000000c1700000, 0x00000000c1800000, 0x00000000c1800000|100%|HC|  |TAMS 0x00000000c1700000| PB 0x00000000c1700000| Complete 
|   2|0x00000000c1800000, 0x00000000c1900000, 0x00000000c1900000|100%|HC|  |TAMS 0x00000000c1800000| PB 0x00000000c1800000| Complete 
|   3|0x00000000c1900000, 0x00000000c1a00000, 0x00000000c1a00000|100%| O|  |TAMS 0x00000000c1900000| PB 0x00000000c1900000| Untracked 
|   4|0x00000000c1a00000, 0x00000000c1b00000, 0x00000000c1b00000|100%|HS|  |TAMS 0x00000000c1a00000| PB 0x00000000c1a00000| Complete 
|   5|0x00000000c1b00000, 0x00000000c1c00000, 0x00000000c1c00000|100%|HS|  |TAMS 0x00000000c1b00000| PB 0x00000000c1b00000| Complete 
|   6|0x00000000c1c00000, 0x00000000c1d00000, 0x00000000c1d00000|100%|HC|  |TAMS 0x00000000c1c00000| PB 0x00000000c1c00000| Complete 
|   7|0x00000000c1d00000, 0x00000000c1e00000, 0x00000000c1e00000|100%| O|  |TAMS 0x00000000c1d00000| PB 0x00000000c1d00000| Untracked 
|   8|0x00000000c1e00000, 0x00000000c1f00000, 0x00000000c1f00000|100%| O|  |TAMS 0x00000000c1e00000| PB 0x00000000c1e00000| Untracked 
|   9|0x00000000c1f00000, 0x00000000c2000000, 0x00000000c2000000|100%| O|  |TAMS 0x00000000c1f00000| PB 0x00000000c1f00000| Untracked 
|  10|0x00000000c2000000, 0x00000000c2100000, 0x00000000c2100000|100%| O|  |TAMS 0x00000000c2000000| PB 0x00000000c2000000| Untracked 
|  11|0x00000000c2100000, 0x00000000c218b988, 0x00000000c2200000| 54%| O|  |TAMS 0x00000000c2100000| PB 0x00000000c2100000| Untracked 
|  12|0x00000000c2200000, 0x00000000c2200000, 0x00000000c2300000|  0%| F|  |TAMS 0x00000000c2200000| PB 0x00000000c2200000| Untracked 
|  13|0x00000000c2300000, 0x00000000c2300000, 0x00000000c2400000|  0%| F|  |TAMS 0x00000000c2300000| PB 0x00000000c2300000| Untracked 
|  14|0x00000000c2400000, 0x00000000c2400000, 0x00000000c2500000|  0%| F|  |TAMS 0x00000000c2400000| PB 0x00000000c2400000| Untracked 
|  15|0x00000000c2500000, 0x00000000c2500000, 0x00000000c2600000|  0%| F|  |TAMS 0x00000000c2500000| PB 0x00000000c2500000| Untracked 
|  16|0x00000000c2600000, 0x00000000c2600000, 0x00000000c2700000|  0%| F|  |TAMS 0x00000000c2600000| PB 0x00000000c2600000| Untracked 
|  17|0x00000000c2700000, 0x00000000c2700000, 0x00000000c2800000|  0%| F|  |TAMS 0x00000000c2700000| PB 0x00000000c2700000| Untracked 
|  18|0x00000000c2800000, 0x00000000c2800000, 0x00000000c2900000|  0%| F|  |TAMS 0x00000000c2800000| PB 0x00000000c2800000| Untracked 
|  19|0x00000000c2900000, 0x00000000c2900000, 0x00000000c2a00000|  0%| F|  |TAMS 0x00000000c2900000| PB 0x00000000c2900000| Untracked 
|  20|0x00000000c2a00000, 0x00000000c2a00000, 0x00000000c2b00000|  0%| F|  |TAMS 0x00000000c2a00000| PB 0x00000000c2a00000| Untracked 
|  21|0x00000000c2b00000, 0x00000000c2b00000, 0x00000000c2c00000|  0%| F|  |TAMS 0x00000000c2b00000| PB 0x00000000c2b00000| Untracked 
|  22|0x00000000c2c00000, 0x00000000c2c00000, 0x00000000c2d00000|  0%| F|  |TAMS 0x00000000c2c00000| PB 0x00000000c2c00000| Untracked 
|  23|0x00000000c2d00000, 0x00000000c2d00000, 0x00000000c2e00000|  0%| F|  |TAMS 0x00000000c2d00000| PB 0x00000000c2d00000| Untracked 
|  24|0x00000000c2e00000, 0x00000000c2e00000, 0x00000000c2f00000|  0%| F|  |TAMS 0x00000000c2e00000| PB 0x00000000c2e00000| Untracked 
|  25|0x00000000c2f00000, 0x00000000c2f00000, 0x00000000c3000000|  0%| F|  |TAMS 0x00000000c2f00000| PB 0x00000000c2f00000| Untracked 
|  26|0x00000000c3000000, 0x00000000c3000000, 0x00000000c3100000|  0%| F|  |TAMS 0x00000000c3000000| PB 0x00000000c3000000| Untracked 
|  27|0x00000000c3100000, 0x00000000c3100000, 0x00000000c3200000|  0%| F|  |TAMS 0x00000000c3100000| PB 0x00000000c3100000| Untracked 
|  28|0x00000000c3200000, 0x00000000c3200000, 0x00000000c3300000|  0%| F|  |TAMS 0x00000000c3200000| PB 0x00000000c3200000| Untracked 
|  29|0x00000000c3300000, 0x00000000c3300000, 0x00000000c3400000|  0%| F|  |TAMS 0x00000000c3300000| PB 0x00000000c3300000| Untracked 
|  30|0x00000000c3400000, 0x00000000c3400000, 0x00000000c3500000|  0%| F|  |TAMS 0x00000000c3400000| PB 0x00000000c3400000| Untracked 
|  31|0x00000000c3500000, 0x00000000c3500000, 0x00000000c3600000|  0%| F|  |TAMS 0x00000000c3500000| PB 0x00000000c3500000| Untracked 
|  32|0x00000000c3600000, 0x00000000c3600000, 0x00000000c3700000|  0%| F|  |TAMS 0x00000000c3600000| PB 0x00000000c3600000| Untracked 
|  33|0x00000000c3700000, 0x00000000c3700000, 0x00000000c3800000|  0%| F|  |TAMS 0x00000000c3700000| PB 0x00000000c3700000| Untracked 
|  34|0x00000000c3800000, 0x00000000c3800000, 0x00000000c3900000|  0%| F|  |TAMS 0x00000000c3800000| PB 0x00000000c3800000| Untracked 
|  35|0x00000000c3900000, 0x00000000c3900000, 0x00000000c3a00000|  0%| F|  |TAMS 0x00000000c3900000| PB 0x00000000c3900000| Untracked 
|  36|0x00000000c3a00000, 0x00000000c3a00000, 0x00000000c3b00000|  0%| F|  |TAMS 0x00000000c3a00000| PB 0x00000000c3a00000| Untracked 
|  37|0x00000000c3b00000, 0x00000000c3b00000, 0x00000000c3c00000|  0%| F|  |TAMS 0x00000000c3b00000| PB 0x00000000c3b00000| Untracked 
|  38|0x00000000c3c00000, 0x00000000c3c00000, 0x00000000c3d00000|  0%| F|  |TAMS 0x00000000c3c00000| PB 0x00000000c3c00000| Untracked 
|  39|0x00000000c3d00000, 0x00000000c3d00000, 0x00000000c3e00000|  0%| F|  |TAMS 0x00000000c3d00000| PB 0x00000000c3d00000| Untracked 
|  40|0x00000000c3e00000, 0x00000000c3e00000, 0x00000000c3f00000|  0%| F|  |TAMS 0x00000000c3e00000| PB 0x00000000c3e00000| Untracked 
|  41|0x00000000c3f00000, 0x00000000c3f00000, 0x00000000c4000000|  0%| F|  |TAMS 0x00000000c3f00000| PB 0x00000000c3f00000| Untracked 
|  42|0x00000000c4000000, 0x00000000c4000000, 0x00000000c4100000|  0%| F|  |TAMS 0x00000000c4000000| PB 0x00000000c4000000| Untracked 
|  43|0x00000000c4100000, 0x00000000c4100000, 0x00000000c4200000|  0%| F|  |TAMS 0x00000000c4100000| PB 0x00000000c4100000| Untracked 
|  44|0x00000000c4200000, 0x00000000c4200000, 0x00000000c4300000|  0%| F|  |TAMS 0x00000000c4200000| PB 0x00000000c4200000| Untracked 
|  45|0x00000000c4300000, 0x00000000c4300000, 0x00000000c4400000|  0%| F|  |TAMS 0x00000000c4300000| PB 0x00000000c4300000| Untracked 
|  46|0x00000000c4400000, 0x00000000c4400000, 0x00000000c4500000|  0%| F|  |TAMS 0x00000000c4400000| PB 0x00000000c4400000| Untracked 
|  47|0x00000000c4500000, 0x00000000c4500000, 0x00000000c4600000|  0%| F|  |TAMS 0x00000000c4500000| PB 0x00000000c4500000| Untracked 
|  48|0x00000000c4600000, 0x00000000c4600000, 0x00000000c4700000|  0%| F|  |TAMS 0x00000000c4600000| PB 0x00000000c4600000| Untracked 
|  49|0x00000000c4700000, 0x00000000c4700000, 0x00000000c4800000|  0%| F|  |TAMS 0x00000000c4700000| PB 0x00000000c4700000| Untracked 
|  50|0x00000000c4800000, 0x00000000c4800000, 0x00000000c4900000|  0%| F|  |TAMS 0x00000000c4800000| PB 0x00000000c4800000| Untracked 
|  51|0x00000000c4900000, 0x00000000c4a00000, 0x00000000c4a00000|100%| S|CS|TAMS 0x00000000c4900000| PB 0x00000000c4900000| Complete 
|  52|0x00000000c4a00000, 0x00000000c4b00000, 0x00000000c4b00000|100%| S|CS|TAMS 0x00000000c4a00000| PB 0x00000000c4a00000| Complete 
|  53|0x00000000c4b00000, 0x00000000c4b00000, 0x00000000c4c00000|  0%| F|  |TAMS 0x00000000c4b00000| PB 0x00000000c4b00000| Untracked 
|  54|0x00000000c4c00000, 0x00000000c4c00000, 0x00000000c4d00000|  0%| F|  |TAMS 0x00000000c4c00000| PB 0x00000000c4c00000| Untracked 
|  55|0x00000000c4d00000, 0x00000000c4ddfd98, 0x00000000c4e00000| 87%| E|  |TAMS 0x00000000c4d00000| PB 0x00000000c4d00000| Complete 
|  56|0x00000000c4e00000, 0x00000000c4f00000, 0x00000000c4f00000|100%| E|CS|TAMS 0x00000000c4e00000| PB 0x00000000c4e00000| Complete 
|  57|0x00000000c4f00000, 0x00000000c5000000, 0x00000000c5000000|100%| E|CS|TAMS 0x00000000c4f00000| PB 0x00000000c4f00000| Complete 
|  58|0x00000000c5000000, 0x00000000c5100000, 0x00000000c5100000|100%| E|CS|TAMS 0x00000000c5000000| PB 0x00000000c5000000| Complete 
|  59|0x00000000c5100000, 0x00000000c5200000, 0x00000000c5200000|100%| E|CS|TAMS 0x00000000c5100000| PB 0x00000000c5100000| Complete 
|  60|0x00000000c5200000, 0x00000000c5300000, 0x00000000c5300000|100%| E|CS|TAMS 0x00000000c5200000| PB 0x00000000c5200000| Complete 
|  61|0x00000000c5300000, 0x00000000c5400000, 0x00000000c5400000|100%| E|CS|TAMS 0x00000000c5300000| PB 0x00000000c5300000| Complete 
|  62|0x00000000c5400000, 0x00000000c5500000, 0x00000000c5500000|100%| E|CS|TAMS 0x00000000c5400000| PB 0x00000000c5400000| Complete 
|  63|0x00000000c5500000, 0x00000000c5600000, 0x00000000c5600000|100%| E|CS|TAMS 0x00000000c5500000| PB 0x00000000c5500000| Complete 

Card table byte_map: [0x0000029367880000,0x0000029367a80000] _byte_map_base: 0x0000029367275000

Marking Bits: (CMBitMap*) 0x0000029350257e20
 Bits: [0x0000029367a80000, 0x0000029368a28000)

Polling page: 0x000002934e1d0000

Metaspace:

Usage:
  Non-class:     10.89 MB used.
      Class:      1.50 MB used.
       Both:     12.39 MB used.

Virtual space:
  Non-class space:       64.00 MB reserved,      11.06 MB ( 17%) committed,  1 nodes.
      Class space:        1.00 GB reserved,       1.69 MB ( <1%) committed,  1 nodes.
             Both:        1.06 GB reserved,      12.75 MB (  1%) committed. 

Chunk freelists:
   Non-Class:  4.61 MB
       Class:  14.23 MB
        Both:  18.84 MB

MaxMetaspaceSize: unlimited
CompressedClassSpaceSize: 1.00 GB
Initial GC threshold: 21.00 MB
Current GC threshold: 21.00 MB
CDS: on
 - commit_granule_bytes: 65536.
 - commit_granule_words: 8192.
 - virtual_space_node_default_size: 8388608.
 - enlarge_chunks_in_place: 1.
 - use_allocation_guard: 0.


Internal statistics:

num_allocs_failed_limit: 0.
num_arena_births: 320.
num_arena_deaths: 0.
num_vsnodes_births: 2.
num_vsnodes_deaths: 0.
num_space_committed: 204.
num_space_uncommitted: 0.
num_chunks_returned_to_freelist: 0.
num_chunks_taken_from_freelist: 634.
num_chunk_merges: 0.
num_chunk_splits: 382.
num_chunks_enlarged: 221.
num_inconsistent_stats: 0.

CodeHeap 'non-profiled nmethods': size=120000Kb used=522Kb max_used=522Kb free=119477Kb
 bounds [0x0000029360150000, 0x00000293603c0000, 0x0000029367680000]
CodeHeap 'profiled nmethods': size=120000Kb used=3472Kb max_used=3472Kb free=116527Kb
 bounds [0x0000029358680000, 0x00000293589f0000, 0x000002935fbb0000]
CodeHeap 'non-nmethods': size=5760Kb used=1460Kb max_used=1475Kb free=4299Kb
 bounds [0x000002935fbb0000, 0x000002935fe20000, 0x0000029360150000]
 total_blobs=2282 nmethods=1737 adapters=450
 compilation: enabled
              stopped_count=0, restarted_count=0
 full_count=0

Compilation events (20 events):
Event: 24.011 Thread 0x000002936aea87c0 nmethod 1701 0x00000293589cfb10 code [0x00000293589cfca0, 0x00000293589cfe10]
Event: 24.013 Thread 0x000002936aea87c0 1702       1       com.google.common.base.CharMatcher$None::matches (2 bytes)
Event: 24.013 Thread 0x000002936aea87c0 nmethod 1702 0x00000293601d1690 code [0x00000293601d1820, 0x00000293601d18e8]
Event: 24.014 Thread 0x000002936aea87c0 1703       3       com.google.common.base.Preconditions::checkState (13 bytes)
Event: 24.014 Thread 0x000002936ae97790 1704       4       java.lang.invoke.MethodType::makeImpl (109 bytes)
Event: 24.014 Thread 0x000002936aea87c0 nmethod 1703 0x00000293589cfe90 code [0x00000293589d0040, 0x00000293589d0228]
Event: 24.014 Thread 0x000002936aea87c0 1705       3       com.google.common.base.AbstractIterator::hasNext (65 bytes)
Event: 24.015 Thread 0x000002936aea87c0 nmethod 1705 0x00000293589d0310 code [0x00000293589d0500, 0x00000293589d0910]
Event: 24.023 Thread 0x000002936aea87c0 1706       3       java.util.ImmutableCollections$List12::size (16 bytes)
Event: 24.023 Thread 0x000002936aea87c0 nmethod 1706 0x00000293589d0a90 code [0x00000293589d0c40, 0x00000293589d0dd8]
Event: 24.024 Thread 0x000002936aea87c0 1708       3       com.google.common.base.Preconditions::checkPositionIndex (8 bytes)
Event: 24.024 Thread 0x000002936aea87c0 nmethod 1708 0x00000293589d0e90 code [0x00000293589d1040, 0x00000293589d1168]
Event: 24.026 Thread 0x000002936aea87c0 1709       3       com.google.common.base.CharMatcher::indexIn (48 bytes)
Event: 24.027 Thread 0x000002936aea87c0 nmethod 1709 0x00000293589d1210 code [0x00000293589d1420, 0x00000293589d1968]
Event: 24.028 Thread 0x000002936aea87c0 1710       3       com.google.common.base.Splitter$1$1::separatorStart (16 bytes)
Event: 24.029 Thread 0x000002936aea87c0 nmethod 1710 0x00000293589d1b10 code [0x00000293589d1cc0, 0x00000293589d1ea8]
Event: 24.029 Thread 0x000002936aea87c0 1712       3       com.google.common.base.Splitter$SplittingIterator::computeNext (279 bytes)
Event: 24.030 Thread 0x000002936aea87c0 nmethod 1712 0x00000293589d1f90 code [0x00000293589d22a0, 0x00000293589d35e8]
Event: 24.030 Thread 0x000002936aea87c0 1711       3       com.google.common.base.Splitter$SplittingIterator::computeNext (5 bytes)
Event: 24.031 Thread 0x000002936aea87c0 nmethod 1711 0x00000293589d3b10 code [0x00000293589d3cc0, 0x00000293589d3e80]

GC Heap History (4 events):
Event: 8.197 GC heap before
{Heap before GC invocations=0 (full 0):
 garbage-first heap   total 65536K, used 19456K [0x00000000c1600000, 0x0000000100000000)
  region size 1024K, 13 young (13312K), 0 survivors (0K)
 Metaspace       used 3544K, committed 3776K, reserved 1114112K
  class space    used 421K, committed 512K, reserved 1048576K
}
Event: 8.213 GC heap after
{Heap after GC invocations=1 (full 0):
 garbage-first heap   total 65536K, used 11742K [0x00000000c1600000, 0x0000000100000000)
  region size 1024K, 2 young (2048K), 2 survivors (2048K)
 Metaspace       used 3544K, committed 3776K, reserved 1114112K
  class space    used 421K, committed 512K, reserved 1048576K
}
Event: 11.047 GC heap before
{Heap before GC invocations=1 (full 0):
 garbage-first heap   total 65536K, used 21982K [0x00000000c1600000, 0x0000000100000000)
  region size 1024K, 13 young (13312K), 2 survivors (2048K)
 Metaspace       used 9302K, committed 9600K, reserved 1114112K
  class space    used 1050K, committed 1216K, reserved 1048576K
}
Event: 11.054 GC heap after
{Heap after GC invocations=2 (full 0):
 garbage-first heap   total 65536K, used 13870K [0x00000000c1600000, 0x0000000100000000)
  region size 1024K, 2 young (2048K), 2 survivors (2048K)
 Metaspace       used 9302K, committed 9600K, reserved 1114112K
  class space    used 1050K, committed 1216K, reserved 1048576K
}

Dll operation events (8 events):
Event: 0.153 Loaded shared library C:\Program Files\Java\jdk-21\bin\java.dll
Event: 0.477 Loaded shared library C:\Program Files\Java\jdk-21\bin\jsvml.dll
Event: 0.683 Loaded shared library C:\Program Files\Java\jdk-21\bin\net.dll
Event: 0.695 Loaded shared library C:\Program Files\Java\jdk-21\bin\nio.dll
Event: 0.769 Loaded shared library C:\Program Files\Java\jdk-21\bin\zip.dll
Event: 0.966 Loaded shared library C:\Program Files\Java\jdk-21\bin\jimage.dll
Event: 1.532 Loaded shared library C:\Program Files\Java\jdk-21\bin\extnet.dll
Event: 9.713 Loaded shared library C:\Program Files\Java\jdk-21\bin\sunmscapi.dll

Deoptimization events (20 events):
Event: 10.083 Thread 0x000002934dfa0ba0 DEOPT PACKING pc=0x00000293601a1714 sp=0x000000fa8e7fded0
Event: 10.083 Thread 0x000002934dfa0ba0 DEOPT UNPACKING pc=0x000002935fc046a2 sp=0x000000fa8e7fde90 mode 2
Event: 10.083 Thread 0x000002934dfa0ba0 Uncommon trap: trap_request=0xffffffde fr.pc=0x0000029360174ce4 relative=0x0000000000000304
Event: 10.083 Thread 0x000002934dfa0ba0 Uncommon trap: reason=class_check action=maybe_recompile pc=0x0000029360174ce4 method=java.util.regex.Pattern$BmpCharPropertyGreedy.match(Ljava/util/regex/Matcher;ILjava/lang/CharSequence;)Z @ 26 c2
Event: 10.083 Thread 0x000002934dfa0ba0 DEOPT PACKING pc=0x0000029360174ce4 sp=0x000000fa8e7fdde0
Event: 10.083 Thread 0x000002934dfa0ba0 DEOPT UNPACKING pc=0x000002935fc046a2 sp=0x000000fa8e7fdd98 mode 2
Event: 10.633 Thread 0x000002936fc6e190 Uncommon trap: trap_request=0xffffffde fr.pc=0x0000029360174ce4 relative=0x0000000000000304
Event: 10.634 Thread 0x000002936fc6e190 Uncommon trap: reason=class_check action=maybe_recompile pc=0x0000029360174ce4 method=java.util.regex.Pattern$BmpCharPropertyGreedy.match(Ljava/util/regex/Matcher;ILjava/lang/CharSequence;)Z @ 26 c2
Event: 10.634 Thread 0x000002936fc6e190 DEOPT PACKING pc=0x0000029360174ce4 sp=0x000000fa901fdfc0
Event: 10.634 Thread 0x000002936fc6e190 DEOPT UNPACKING pc=0x000002935fc046a2 sp=0x000000fa901fdf58 mode 2
Event: 11.261 Thread 0x000002934dfa0ba0 Uncommon trap: trap_request=0xffffffde fr.pc=0x00000293601bb98c relative=0x000000000000042c
Event: 11.261 Thread 0x000002934dfa0ba0 Uncommon trap: reason=class_check action=maybe_recompile pc=0x00000293601bb98c method=java.lang.String.<init>(Ljava/lang/AbstractStringBuilder;Ljava/lang/Void;)V @ 10 c2
Event: 11.261 Thread 0x000002934dfa0ba0 DEOPT PACKING pc=0x00000293601bb98c sp=0x000000fa8e7fe950
Event: 11.261 Thread 0x000002934dfa0ba0 DEOPT UNPACKING pc=0x000002935fc046a2 sp=0x000000fa8e7fe918 mode 2
Event: 11.565 Thread 0x000002934dfa0ba0 DEOPT PACKING pc=0x00000293586be40e sp=0x000000fa8e7fd2c0
Event: 11.565 Thread 0x000002934dfa0ba0 DEOPT UNPACKING pc=0x000002935fc04e42 sp=0x000000fa8e7fc730 mode 0
Event: 23.986 Thread 0x000002934dfa0ba0 Uncommon trap: trap_request=0xffffffde fr.pc=0x00000293601a29d8 relative=0x0000000000000518
Event: 23.986 Thread 0x000002934dfa0ba0 Uncommon trap: reason=class_check action=maybe_recompile pc=0x00000293601a29d8 method=java.util.HashMap.putVal(ILjava/lang/Object;Ljava/lang/Object;ZZ)Ljava/lang/Object; @ 253 c2
Event: 23.986 Thread 0x000002934dfa0ba0 DEOPT PACKING pc=0x00000293601a29d8 sp=0x000000fa8e7fe2c0
Event: 23.987 Thread 0x000002934dfa0ba0 DEOPT UNPACKING pc=0x000002935fc046a2 sp=0x000000fa8e7fe250 mode 2

Classes loaded (20 events):
Event: 23.582 Loading class java/util/stream/LongPipeline
Event: 23.592 Loading class java/util/stream/LongStream
Event: 23.595 Loading class java/util/stream/LongStream done
Event: 23.596 Loading class java/util/stream/LongPipeline done
Event: 23.596 Loading class java/util/stream/LongPipeline$StatelessOp done
Event: 23.596 Loading class java/util/stream/ReferencePipeline$5 done
Event: 23.597 Loading class java/util/stream/FindOps$FindSink$OfLong
Event: 23.598 Loading class java/util/stream/Sink$OfLong
Event: 23.609 Loading class java/util/stream/Sink$OfLong done
Event: 23.609 Loading class java/util/stream/FindOps$FindSink$OfLong done
Event: 23.609 Loading class java/util/OptionalLong
Event: 23.610 Loading class java/util/OptionalLong done
Event: 23.614 Loading class java/util/stream/ReferencePipeline$5$1
Event: 23.614 Loading class java/util/stream/ReferencePipeline$5$1 done
Event: 23.615 Loading class java/lang/invoke/VarHandleBytes$FieldInstanceReadWrite
Event: 23.621 Loading class java/lang/invoke/VarHandleBytes$FieldInstanceReadOnly
Event: 23.622 Loading class java/lang/invoke/VarHandleBytes$FieldInstanceReadOnly done
Event: 23.622 Loading class java/lang/invoke/VarHandleBytes$FieldInstanceReadWrite done
Event: 23.847 Loading class java/util/DualPivotQuicksort
Event: 23.848 Loading class java/util/DualPivotQuicksort done

Classes unloaded (0 events):
No events

Classes redefined (0 events):
No events

Internal exceptions (20 events):
Event: 9.080 Thread 0x000002934dfa0ba0 Exception <a 'java/lang/NoSuchMethodError'{0x00000000c52c0b70}: 'void java.lang.invoke.DirectMethodHandle$Holder.invokeVirtual(java.lang.Object, java.lang.Object)'> (0x00000000c52c0b70) 
thrown [s\open\src\hotspot\share\interpreter\linkResolver.cpp, line 773]
Event: 9.275 Thread 0x000002934dfa0ba0 Exception <a 'java/lang/NoSuchMethodError'{0x00000000c4eb4d98}: 'java.lang.Object java.lang.invoke.DirectMethodHandle$Holder.invokeStaticInit(java.lang.Object, int, int, int, int)'> (0x00000000c4eb4d98) 
thrown [s\open\src\hotspot\share\interpreter\linkResolver.cpp, line 773]
Event: 9.515 Thread 0x000002934dfa0ba0 Exception <a 'java/lang/NoSuchMethodError'{0x00000000c4d51920}: 'java.lang.Object java.lang.invoke.DirectMethodHandle$Holder.invokeStaticInit(java.lang.Object, java.lang.Object, int, int, int, int)'> (0x00000000c4d51920) 
thrown [s\open\src\hotspot\share\interpreter\linkResolver.cpp, line 773]
Event: 10.078 Thread 0x000002934dfa0ba0 Exception <a 'java/lang/NoSuchMethodError'{0x00000000c4cfe9c8}: 'java.lang.Object java.lang.invoke.DirectMethodHandle$Holder.invokeInterface(java.lang.Object, java.lang.Object, java.lang.Object)'> (0x00000000c4cfe9c8) 
thrown [s\open\src\hotspot\share\interpreter\linkResolver.cpp, line 773]
Event: 10.079 Thread 0x000002934dfa0ba0 Exception <a 'java/lang/IncompatibleClassChangeError'{0x00000000c4b022a8}: Found class java.lang.Object, but interface was expected> (0x00000000c4b022a8) 
thrown [s\open\src\hotspot\share\interpreter\linkResolver.cpp, line 840]
Event: 10.082 Thread 0x000002934dfa0ba0 Exception <a 'java/lang/NoSuchMethodError'{0x00000000c4b09460}: 'int java.lang.invoke.DirectMethodHandle$Holder.invokeSpecialIFC(java.lang.Object, java.lang.Object, java.lang.Object, java.lang.Object)'> (0x00000000c4b09460) 
thrown [s\open\src\hotspot\share\interpreter\linkResolver.cpp, line 773]
Event: 10.115 Thread 0x000002934dfa0ba0 Exception <a 'java/lang/NoSuchMethodError'{0x00000000c4b65288}: 'java.lang.Object java.lang.invoke.DirectMethodHandle$Holder.invokeVirtual(java.lang.Object, java.lang.Object, java.lang.Object, java.lang.Object)'> (0x00000000c4b65288) 
thrown [s\open\src\hotspot\share\interpreter\linkResolver.cpp, line 773]
Event: 10.662 Thread 0x000002936fc6e190 Exception <a 'java/net/ConnectException'{0x00000000c4bf4ad0}: Connection refused: no further information> (0x00000000c4bf4ad0) 
thrown [s\open\src\hotspot\share\prims\jni.cpp, line 539]
Event: 10.731 Thread 0x000002936fc6e190 Exception <a 'java/net/ConnectException'{0x00000000c4bf5bd0}: Connection refused: no further information> (0x00000000c4bf5bd0) 
thrown [s\open\src\hotspot\share\prims\jni.cpp, line 539]
Event: 10.774 Thread 0x000002936fc6e190 Exception <a 'java/net/ConnectException'{0x00000000c4bf6af8}: Connection refused: no further information> (0x00000000c4bf6af8) 
thrown [s\open\src\hotspot\share\prims\jni.cpp, line 539]
Event: 10.950 Thread 0x000002936fc6e190 Exception <a 'java/net/ConnectException'{0x00000000c4bf7a20}: Connection refused: no further information> (0x00000000c4bf7a20) 
thrown [s\open\src\hotspot\share\prims\jni.cpp, line 539]
Event: 11.211 Thread 0x000002934dfa0ba0 Exception <a 'java/lang/NoSuchMethodError'{0x00000000c54371b8}: 'java.lang.Object java.lang.invoke.DirectMethodHandle$Holder.newInvokeSpecial(java.lang.Object, java.lang.Object, int, int)'> (0x00000000c54371b8) 
thrown [s\open\src\hotspot\share\interpreter\linkResolver.cpp, line 773]
Event: 11.213 Thread 0x000002934dfa0ba0 Exception <a 'java/lang/NoSuchMethodError'{0x00000000c54416a0}: 'void java.lang.invoke.DirectMethodHandle$Holder.invokeStatic(java.lang.Object, java.lang.Object, int)'> (0x00000000c54416a0) 
thrown [s\open\src\hotspot\share\interpreter\linkResolver.cpp, line 773]
Event: 11.331 Thread 0x000002934dfa0ba0 Exception <a 'java/lang/NoSuchMethodError'{0x00000000c5324f00}: 'java.lang.Object java.lang.invoke.DirectMethodHandle$Holder.newInvokeSpecial(java.lang.Object, java.lang.Object, java.lang.Object, java.lang.Object, java.lang.Object)'> (0x00000000c5324f00) 
thrown [s\open\src\hotspot\share\interpreter\linkResolver.cpp, line 773]
Event: 11.546 Thread 0x000002934dfa0ba0 Exception <a 'java/lang/NoSuchMethodError'{0x00000000c5133618}: 'void java.lang.invoke.DirectMethodHandle$Holder.invokeSpecial(java.lang.Object, java.lang.Object, java.lang.Object)'> (0x00000000c5133618) 
thrown [s\open\src\hotspot\share\interpreter\linkResolver.cpp, line 773]
Event: 11.696 Thread 0x000002936fb03f70 Exception <a 'java/lang/NoSuchMethodError'{0x00000000c51f5190}: 'java.lang.Object java.lang.invoke.DirectMethodHandle$Holder.invokeSpecial(java.lang.Object, java.lang.Object, java.lang.Object, java.lang.Object, int)'> (0x00000000c51f5190) 
thrown [s\open\src\hotspot\share\interpreter\linkResolver.cpp, line 773]
Event: 11.697 Thread 0x000002936fb03f70 Exception <a 'java/lang/NoSuchMethodError'{0x00000000c51f8ad8}: 'java.lang.Object java.lang.invoke.Invokers$Holder.linkToTargetMethod(java.lang.Object, java.lang.Object, int, java.lang.Object)'> (0x00000000c51f8ad8) 
thrown [s\open\src\hotspot\share\interpreter\linkResolver.cpp, line 773]
Event: 11.793 Thread 0x000002936fb03f70 Exception <a 'java/lang/NoSuchMethodError'{0x00000000c5039000}: 'void java.lang.invoke.DirectMethodHandle$Holder.invokeSpecial(java.lang.Object, java.lang.Object, java.lang.Object, java.lang.Object, java.lang.Object)'> (0x00000000c5039000) 
thrown [s\open\src\hotspot\share\interpreter\linkResolver.cpp, line 773]
Event: 23.658 Thread 0x000002936fb03250 Exception <a 'java/lang/NoSuchMethodError'{0x00000000c4f61e80}: 'void java.lang.invoke.DirectMethodHandle$Holder.invokeSpecial(java.lang.Object, java.lang.Object, java.lang.Object, java.lang.Object, java.lang.Object, java.lang.Object, java.lang.Object)'> (0x00000000c4f61e80) 
thrown [s\open\src\hotspot\share\interpreter\linkResolver.cpp, line 773]
Event: 23.963 Thread 0x000002934dfa0ba0 Exception <a 'java/lang/NoSuchMethodError'{0x00000000c4ee5de0}: 'java.lang.Object java.lang.invoke.DirectMethodHandle$Holder.invokeSpecialIFC(java.lang.Object, java.lang.Object, java.lang.Object)'> (0x00000000c4ee5de0) 
thrown [s\open\src\hotspot\share\interpreter\linkResolver.cpp, line 773]

ZGC Phase Switch (0 events):
No events

VM Operations (20 events):
Event: 10.060 Executing VM operation: Cleanup
Event: 10.060 Executing VM operation: Cleanup done
Event: 10.508 Executing VM operation: HandshakeAllThreads (Deoptimize)
Event: 10.544 Executing VM operation: HandshakeAllThreads (Deoptimize) done
Event: 11.047 Executing VM operation: G1CollectForAllocation (G1 Evacuation Pause)
Event: 11.054 Executing VM operation: G1CollectForAllocation (G1 Evacuation Pause) done
Event: 11.083 Executing VM operation: HandshakeAllThreads (Deoptimize)
Event: 11.083 Executing VM operation: HandshakeAllThreads (Deoptimize) done
Event: 11.116 Executing VM operation: HandshakeAllThreads (Deoptimize)
Event: 11.116 Executing VM operation: HandshakeAllThreads (Deoptimize) done
Event: 11.266 Executing VM operation: HandshakeAllThreads (Deoptimize)
Event: 11.266 Executing VM operation: HandshakeAllThreads (Deoptimize) done
Event: 12.280 Executing VM operation: Cleanup
Event: 12.280 Executing VM operation: Cleanup done
Event: 23.564 Executing VM operation: HandshakeAllThreads (Deoptimize)
Event: 23.564 Executing VM operation: HandshakeAllThreads (Deoptimize) done
Event: 23.576 Executing VM operation: HandshakeAllThreads (Deoptimize)
Event: 23.576 Executing VM operation: HandshakeAllThreads (Deoptimize) done
Event: 23.576 Executing VM operation: Cleanup
Event: 23.576 Executing VM operation: Cleanup done

Events (20 events):
Event: 0.467 Thread 0x000002936ae91860 Thread added: 0x000002936ae91860
Event: 0.467 Thread 0x000002936ae95fa0 Thread added: 0x000002936ae95fa0
Event: 0.468 Thread 0x000002936ae96a00 Thread added: 0x000002936ae96a00
Event: 0.468 Thread 0x000002936ae97790 Thread added: 0x000002936ae97790
Event: 0.469 Thread 0x000002936aea87c0 Thread added: 0x000002936aea87c0
Event: 0.647 Thread 0x000002936f1870e0 Thread added: 0x000002936f1870e0
Event: 0.664 Thread 0x000002936f195700 Thread added: 0x000002936f195700
Event: 4.395 Thread 0x000002936f602160 Thread added: 0x000002936f602160
Event: 7.727 Thread 0x000002936f602160 Thread exited: 0x000002936f602160
Event: 8.047 Thread 0x000002936f5e0c30 Thread added: 0x000002936f5e0c30
Event: 9.917 Thread 0x000002936f894410 Thread added: 0x000002936f894410
Event: 10.499 Thread 0x000002936fae06a0 Thread added: 0x000002936fae06a0
Event: 10.546 Thread 0x000002936fc6cee0 Thread added: 0x000002936fc6cee0
Event: 10.549 Thread 0x000002936fc6d550 Thread added: 0x000002936fc6d550
Event: 10.616 Thread 0x000002936fc6e190 Thread added: 0x000002936fc6e190
Event: 11.082 Thread 0x000002936fadc4f0 Thread added: 0x000002936fadc4f0
Event: 11.628 Thread 0x000002936fb03f70 Thread added: 0x000002936fb03f70
Event: 11.893 Thread 0x000002936fb02530 Thread added: 0x000002936fb02530
Event: 11.908 Thread 0x000002936fb03250 Thread added: 0x000002936fb03250
Event: 21.098 Thread 0x000002936fadc4f0 Thread exited: 0x000002936fadc4f0


Dynamic libraries:
0x00007ff6aa3d0000 - 0x00007ff6aa3e0000 	C:\Program Files\Java\jdk-21\bin\javaw.exe
0x00007ffcd00a0000 - 0x00007ffcd02a9000 	C:\Windows\SYSTEM32\ntdll.dll
0x00007ffcceb30000 - 0x00007ffccebed000 	C:\Windows\System32\KERNEL32.DLL
0x00007ffccd8c0000 - 0x00007ffccdc45000 	C:\Windows\System32\KERNELBASE.dll
0x00007ffccdc50000 - 0x00007ffccdd61000 	C:\Windows\System32\ucrtbase.dll
0x00007ffcbabc0000 - 0x00007ffcbabd9000 	C:\Program Files\Java\jdk-21\bin\jli.dll
0x00007ffccffa0000 - 0x00007ffcd0052000 	C:\Windows\System32\ADVAPI32.dll
0x00007ffccede0000 - 0x00007ffccee83000 	C:\Windows\System32\msvcrt.dll
0x00007ffccebf0000 - 0x00007ffccec92000 	C:\Windows\System32\sechost.dll
0x00007ffccd890000 - 0x00007ffccd8b7000 	C:\Windows\System32\bcrypt.dll
0x00007ffccf9f0000 - 0x00007ffccfb12000 	C:\Windows\System32\RPCRT4.dll
0x00007ffcce0c0000 - 0x00007ffcce26c000 	C:\Windows\System32\USER32.dll
0x00007ffccd4e0000 - 0x00007ffccd506000 	C:\Windows\System32\win32u.dll
0x00007ffccdf50000 - 0x00007ffccdf79000 	C:\Windows\System32\GDI32.dll
0x00007ffccd680000 - 0x00007ffccd79b000 	C:\Windows\System32\gdi32full.dll
0x00007ffccdd70000 - 0x00007ffccde0d000 	C:\Windows\System32\msvcp_win.dll
0x00007ffcbab60000 - 0x00007ffcbab7b000 	C:\Program Files\Java\jdk-21\bin\VCRUNTIME140.dll
0x00007ffccc710000 - 0x00007ffccc9b5000 	C:\Windows\WinSxS\amd64_microsoft.windows.common-controls_6595b64144ccf1df_6.0.22000.2600_none_1b65155c6ae217ae\COMCTL32.dll
0x00007ffcc4b10000 - 0x00007ffcc4b1a000 	C:\Windows\SYSTEM32\VERSION.dll
0x00007ffccea80000 - 0x00007ffcceab1000 	C:\Windows\System32\IMM32.DLL
0x00007ffcc0b60000 - 0x00007ffcc0b6c000 	C:\Program Files\Java\jdk-21\bin\vcruntime140_1.dll
0x00007ffcb5ef0000 - 0x00007ffcb5f7e000 	C:\Program Files\Java\jdk-21\bin\msvcp140.dll
0x00007ffc9d590000 - 0x00007ffc9e2a5000 	C:\Program Files\Java\jdk-21\bin\server\jvm.dll
0x00007ffccf030000 - 0x00007ffccf09f000 	C:\Windows\System32\WS2_32.dll
0x00007ffccd050000 - 0x00007ffccd09d000 	C:\Windows\SYSTEM32\POWRPROF.dll
0x00007ffcc77e0000 - 0x00007ffcc7813000 	C:\Windows\SYSTEM32\WINMM.dll
0x00007ffccca30000 - 0x00007ffccca43000 	C:\Windows\SYSTEM32\UMPDC.dll
0x00007ffccbf70000 - 0x00007ffccbf88000 	C:\Windows\SYSTEM32\kernel.appcore.dll
0x00007ffcbe020000 - 0x00007ffcbe02a000 	C:\Program Files\Java\jdk-21\bin\jimage.dll
0x00007ffccce20000 - 0x00007ffccd041000 	C:\Windows\SYSTEM32\DBGHELP.DLL
0x00007ffcccb80000 - 0x00007ffcccbb1000 	C:\Windows\SYSTEM32\dbgcore.DLL
0x00007ffccd810000 - 0x00007ffccd88f000 	C:\Windows\System32\bcryptPrimitives.dll
0x00007ffcbc3e0000 - 0x00007ffcbc3ff000 	C:\Program Files\Java\jdk-21\bin\java.dll
0x00007ffccf0b0000 - 0x00007ffccf875000 	C:\Windows\System32\SHELL32.dll
0x00007ffccaf30000 - 0x00007ffccb792000 	C:\Windows\SYSTEM32\windows.storage.dll
0x00007ffcce690000 - 0x00007ffccea06000 	C:\Windows\System32\combase.dll
0x00007ffccadc0000 - 0x00007ffccaf27000 	C:\Windows\SYSTEM32\wintypes.dll
0x00007ffcce270000 - 0x00007ffcce35a000 	C:\Windows\System32\SHCORE.dll
0x00007ffccf970000 - 0x00007ffccf9cd000 	C:\Windows\System32\shlwapi.dll
0x00007ffccd410000 - 0x00007ffccd435000 	C:\Windows\SYSTEM32\profapi.dll
0x00007ffcbaf50000 - 0x00007ffcbb027000 	C:\Program Files\Java\jdk-21\bin\jsvml.dll
0x00007ffcbc5c0000 - 0x00007ffcbc5d0000 	C:\Program Files\Java\jdk-21\bin\net.dll
0x00007ffcc7820000 - 0x00007ffcc7934000 	C:\Windows\SYSTEM32\WINHTTP.dll
0x00007ffccc540000 - 0x00007ffccc5a7000 	C:\Windows\system32\mswsock.dll
0x00007ffcbc390000 - 0x00007ffcbc3a6000 	C:\Program Files\Java\jdk-21\bin\nio.dll
0x00007ffcbc350000 - 0x00007ffcbc368000 	C:\Program Files\Java\jdk-21\bin\zip.dll
0x00007ffcca490000 - 0x00007ffcca497000 	C:\Program Files\Java\jdk-21\bin\extnet.dll
0x00007ffccba10000 - 0x00007ffccbaf7000 	C:\Windows\SYSTEM32\DNSAPI.dll
0x00007ffccb9e0000 - 0x00007ffccba0d000 	C:\Windows\SYSTEM32\IPHLPAPI.DLL
0x00007ffccdf80000 - 0x00007ffccdf89000 	C:\Windows\System32\NSI.dll
0x00007ffcbc8f0000 - 0x00007ffcbc8fa000 	C:\Windows\System32\rasadhlp.dll
0x00007ffcc46c0000 - 0x00007ffcc4741000 	C:\Windows\System32\fwpuclnt.dll
0x00007ffccd180000 - 0x00007ffccd198000 	C:\Windows\SYSTEM32\CRYPTSP.dll
0x00007ffccbed0000 - 0x00007ffccbf05000 	C:\Windows\system32\rsaenh.dll
0x00007ffccc650000 - 0x00007ffccc67c000 	C:\Windows\SYSTEM32\USERENV.dll
0x00007ffccc4d0000 - 0x00007ffccc4dc000 	C:\Windows\SYSTEM32\CRYPTBASE.dll
0x00007ffcca4f0000 - 0x00007ffcca4fe000 	C:\Program Files\Java\jdk-21\bin\sunmscapi.dll
0x00007ffccd510000 - 0x00007ffccd672000 	C:\Windows\System32\CRYPT32.dll
0x00007ffccca00000 - 0x00007ffccca2a000 	C:\Windows\SYSTEM32\ncrypt.dll
0x00007ffccc9c0000 - 0x00007ffccc9f7000 	C:\Windows\SYSTEM32\NTASN1.dll
0x00007ffcbabb0000 - 0x00007ffcbabb8000 	C:\Windows\system32\wshunix.dll

dbghelp: loaded successfully - version: 4.0.5 - missing functions: none
symbol engine: initialized successfully - sym options: 0x614 - pdb path: .;C:\Program Files\Java\jdk-21\bin;C:\Windows\SYSTEM32;C:\Windows\WinSxS\amd64_microsoft.windows.common-controls_6595b64144ccf1df_6.0.22000.2600_none_1b65155c6ae217ae;C:\Program Files\Java\jdk-21\bin\server

VM Arguments:
jvm_args: -Dfile.encoding=UTF-8 -Dstdout.encoding=UTF-8 -Dstderr.encoding=UTF-8 -XX:+ShowCodeDetailsInExceptionMessages 
java_command: qsp.Practice1
java_class_path (initial): C:\Users\Jitendra\eclipse-workspace\Automation\Omega\bin;C:\Users\Jitendra\eclipse-workspace\Automation\Omega\jar\selenium-server-4.16.1.jar;C:\Users\Jitendra\eclipse-workspace\Automation\Omega\jar\batik-anim-1.14.jar;C:\Users\Jitendra\eclipse-workspace\Automation\Omega\jar\batik-awt-util-1.14.jar;C:\Users\Jitendra\eclipse-workspace\Automation\Omega\jar\batik-bridge-1.14.jar;C:\Users\Jitendra\eclipse-workspace\Automation\Omega\jar\batik-codec-1.14.jar;C:\Users\Jitendra\eclipse-workspace\Automation\Omega\jar\batik-constants-1.14.jar;C:\Users\Jitendra\eclipse-workspace\Automation\Omega\jar\batik-css-1.14.jar;C:\Users\Jitendra\eclipse-workspace\Automation\Omega\jar\batik-dom-1.14.jar;C:\Users\Jitendra\eclipse-workspace\Automation\Omega\jar\batik-ext-1.14.jar;C:\Users\Jitendra\eclipse-workspace\Automation\Omega\jar\batik-gvt-1.14.jar;C:\Users\Jitendra\eclipse-workspace\Automation\Omega\jar\batik-i18n-1.14.jar;C:\Users\Jitendra\eclipse-workspace\Automation\Omega\jar\batik-parser-1.14.jar;C:\Users\Jitendra\eclipse-workspace\Automation\Omega\jar\batik-script-1.14.jar;C:\Users\Jitendra\eclipse-workspace\Automation\Omega\jar\batik-shared-resources-1.14.jar;C:\Users\Jitendra\eclipse-workspace\Automation\Omega\jar\batik-svg-dom-1.14.jar;C:\Users\Jitendra\eclipse-workspace\Automation\Omega\jar\batik-svggen-1.14.jar;C:\Users\Jitendra\eclipse-workspace\Automation\Omega\jar\batik-svgrasterizer-1.14.jar;C:\Users\Jitendra\eclipse-workspace\Automation\Omega\jar\batik-transcoder-1.14.jar;C:\Users\Jitendra\eclipse-workspace\Automation\Omega\jar\batik-util-1.14.jar;C:\Users\Jitendra\eclipse-workspace\Automation\Omega\jar\batik-xml-1.14.jar;C:\Users\Jitendra\eclipse-workspace\Automation\Omega\jar\bcpkix-jdk15on-1.70.jar;C:\Users\Jitendra\eclipse-workspace\Automation\Omega\jar\bcprov-jdk15on-1.70.jar;C:\Users\Jitendra\eclipse-workspace\Automation\Omega\jar\bcutil-jdk15on-1.70.jar;C:\Users\Jitendra\eclipse-workspace\Automation\Omega\jar\commons-codec-1.15.jar;C:\Users\Jitendra\eclipse-workspace\Automation\Omega\jar\commons-collections4-4.4.jar;C:\Users\Jitendra\eclipse-workspace\Automation\Omega\jar\commons-compress-1.21.jar;C:\Users\Jitendra\eclipse-workspace\Automation\Omega\jar\commons-io-2.11.0.jar;C:\Users\Jitendra\eclipse-workspace\Automation\Omega\jar\commons-logging-1.2.jar;C:\Users\Jitendra\eclipse-workspace\Automation\Omega\jar\commons-math3-3.6.1.jar;C:\Users\Jitendra\eclipse-workspace\Automation\Omega\jar\curvesapi-1.07.jar;C:\Users\Jitendra\eclipse-workspace\Automation\Omega\jar\fontbox-2.0.26.jar;C:\Users\Jitendra\eclipse-workspace\Automation\Omega\jar\graphics2d-0.40.jar;C:\Users\Jitendra\eclipse-workspace\Automation\Omega\jar\jakarta.activation-2.0.1.jar;C:\Users\Jitendra\eclipse-workspace\Automation\Omega\jar\jakarta.xml.bind-api-3.0.1.jar;C:\Users\Jitendra\eclipse-workspace\Automation\Omega\jar\log4j-api-2.18.0.jar;C:\Users\Jitendra\eclipse-workspace\Automation\Omega\jar\pdfbox-2.0.26.jar;C:\Users\Jitendra\eclipse-workspace\Automation\Omega\jar\poi-5.2.3.jar;C:\Users\Jitendra\eclipse-workspace\Automation\Omega\jar\poi-examples-5.2.3.jar;C:\Users\Jitendra\eclipse-workspace\Automation\Omega\jar\poi-excelant-5.2.3.jar;C:\Users\Jitendra\eclipse-workspace\Automation\Omega\jar\poi-javadoc-5.2.3.jar;C:\Users\Jitendra\eclipse-workspace\Automation\Omega\jar\poi-ooxml-5.2.3.jar;C:\Users\Jitendra\eclipse-workspace\Automation\Omega\jar\poi-ooxml-full-5.2.3.jar;C:\Users\Jitendra\eclipse-workspace\Automation\Omega\jar\poi-ooxml-lite-5.2.3.jar;C:\Users\Jitendra\eclipse-workspace\Automation\Omega\jar\poi-scratchpad-5.2.3.jar;C:\Users\Jitendra\eclipse-workspace\Automation\Omega\jar\slf4j-api-1.7.36.jar;C:\Users\Jitendra\eclipse-workspace\Automation\Omega\jar\SparseBitSet-1.2.jar;C:\Users\Jitendra\eclipse-workspace\Automation\Omega\jar\xml-apis-1.4.01.jar;C:\Users\Jitendra\eclipse-workspace\Automation\Omega\jar\xml-apis-ext-1.3.04.jar;C:\Users\Jitendra\eclipse-workspace\Automation\Omega\jar\xmlbeans-5.1.1.jar;C:\Users\Jitendra\eclipse-workspace\Automation\Omega\jar\xmlgraphics-commons-2.6.jar;C:\Users\Jitendra\eclipse-workspace\Automation\Omega\jar\xmlsec-3.0.0.jar;C:\Users\Jitendra\.p2\pool\plugins\org.testng_7.4.0.r202105021533.jar;C:\Users\Jitendra\.p2\pool\plugins\com.beust.jcommander_1.78.0.jar;C:\Users\Jitendra\.p2\pool\plugins\org.apache-extras.beanshell.bsh_2.0.0.b6.jar;C:\Users\Jitendra\.p2\pool\plugins\org.yaml.snakeyaml_1.21.0.jar;C:\Users\Jitendra\.p2\pool\plugins\org.webjars.jquery_3.5.1.jar;C:\Users\Jitendra\.p2\pool\plugins\org.junit_4.13.2.v20230809-1000.jar;C:\Users\Jitendra\.p2\pool\plugins\org.hamcrest_2.2.0.jar;C:\Users\Jitendra\.p2\pool\plugins\org.hamcrest.core_2.2.0.v20230809-1000.jar
Launcher Type: SUN_STANDARD

[Global flags]
     intx CICompilerCount                          = 3                                         {product} {ergonomic}
     uint ConcGCThreads                            = 1                                         {product} {ergonomic}
     uint G1ConcRefinementThreads                  = 4                                         {product} {ergonomic}
   size_t G1HeapRegionSize                         = 1048576                                   {product} {ergonomic}
    uintx GCDrainStackTargetSize                   = 64                                        {product} {ergonomic}
   size_t InitialHeapSize                          = 67108864                                  {product} {ergonomic}
   size_t MarkStackSize                            = 4194304                                   {product} {ergonomic}
   size_t MaxHeapSize                              = 1050673152                                {product} {ergonomic}
   size_t MaxNewSize                               = 630194176                                 {product} {ergonomic}
   size_t MinHeapDeltaBytes                        = 1048576                                   {product} {ergonomic}
   size_t MinHeapSize                              = 8388608                                   {product} {ergonomic}
    uintx NonNMethodCodeHeapSize                   = 5832780                                {pd product} {ergonomic}
    uintx NonProfiledCodeHeapSize                  = 122912730                              {pd product} {ergonomic}
    uintx ProfiledCodeHeapSize                     = 122912730                              {pd product} {ergonomic}
    uintx ReservedCodeCacheSize                    = 251658240                              {pd product} {ergonomic}
     bool SegmentedCodeCache                       = true                                      {product} {ergonomic}
     bool ShowCodeDetailsInExceptionMessages       = true                                   {manageable} {command line}
   size_t SoftMaxHeapSize                          = 1050673152                             {manageable} {ergonomic}
     bool UseCompressedOops                        = true                           {product lp64_product} {ergonomic}
     bool UseG1GC                                  = true                                      {product} {ergonomic}
     bool UseLargePagesIndividualAllocation        = false                                  {pd product} {ergonomic}

Logging:
Log output configuration:
 #0: stdout all=warning uptime,level,tags foldmultilines=false
 #1: stderr all=off uptime,level,tags foldmultilines=false

Environment Variables:
PATH=C:/Program Files/Java/jdk-21/bin/server;C:/Program Files/Java/jdk-21/bin;C:\Program Files\Common Files\Oracle\Java\javapath;C:\oracle\product\10.2.0\db_1\bin;C:\Windows\system32;C:\Windows;C:\Windows\System32\Wbem;C:\Windows\System32\WindowsPowerShell\v1.0\;C:\Windows\System32\OpenSSH\;C:\Program Files\Git\cmd;C:\Program Files\nodejs;C:\Program Files\nodejs\;C:\Users\Jitendra\AppData\Local\Microsoft\WindowsApps;C:\Program Files\nodejs;C:\Users\Jitendra\AppData\Roaming\npm;C:\Users\Jitendra\AppData\Local\Programs\Microsoft VS Code\bin;C:\Users\Jitendra\Desktop;
USERNAME=Jitendra
OS=Windows_NT
PROCESSOR_IDENTIFIER=Intel64 Family 6 Model 61 Stepping 4, GenuineIntel
TMP=C:\Users\Jitendra\AppData\Local\Temp
TEMP=C:\Users\Jitendra\AppData\Local\Temp




Periodic native trim disabled

---------------  S Y S T E M  ---------------

OS:
 Windows 11 , 64 bit Build 22000 (10.0.22000.2600)
OS uptime: 0 days 4:20 hours

CPU: total 4 (initial active 4) (2 cores per cpu, 2 threads per core) family 6 model 61 stepping 4 microcode 0x2f, cx8, cmov, fxsr, ht, mmx, 3dnowpref, sse, sse2, sse3, ssse3, sse4.1, sse4.2, popcnt, lzcnt, tsc, tscinvbit, avx, avx2, aes, erms, clmul, bmi1, bmi2, adx, fma, vzeroupper, clflush, rdtscp, f16c
Processor Information for all 4 processors :
  Max Mhz: 2201, Current Mhz: 2201, Mhz Limit: 2201

Memory: 4k page, system-wide physical 4000M (264M free)
TotalPageFile size 16288M (AvailPageFile size 0M)
current process WorkingSet (physical memory assigned to process): 93M, peak: 93M
current process commit charge ("private bytes"): 163M, peak: 164M

vm_info: Java HotSpot(TM) 64-Bit Server VM (21.0.1+12-LTS-29) for windows-amd64 JRE (21.0.1+12-LTS-29), built on 2023-10-05T13:27:09Z by "mach5one" with MS VC++ 17.1 (VS2022)

END.
