#
# There is insufficient memory for the Java Runtime Environment to continue.
# Native memory allocation (malloc) failed to allocate 32744 bytes for Chunk::new
# Possible reasons:
#   The system is out of physical RAM or swap space
#   The process is running with CompressedOops enabled, and the Java Heap may be blocking the growth of the native heap
# Possible solutions:
#   Reduce memory load on the system
#   Increase physical memory or swap space
#   Check if swap backing store is full
#   Decrease Java heap size (-Xmx/-Xms)
#   Decrease number of Java threads
#   Decrease Java thread stack sizes (-Xss)
#   Set larger code cache with -XX:ReservedCodeCacheSize=
#   JVM is running with Unscaled Compressed Oops mode in which the Java heap is
#     placed in the first 4GB address space. The Java Heap base address is the
#     maximum limit for the native heap growth. Please use -XX:HeapBaseMinAddress
#     to set the Java Heap base and to place the Java Heap above 4GB virtual address.
# This output file may be truncated or incomplete.
#
#  Out of Memory Error (arena.cpp:168), pid=2688, tid=13640
#
# JRE version: Java(TM) SE Runtime Environment (21.0.1+12) (build 21.0.1+12-LTS-29)
# Java VM: Java HotSpot(TM) 64-Bit Server VM (21.0.1+12-LTS-29, mixed mode, sharing, tiered, compressed oops, compressed class ptrs, g1 gc, windows-amd64)
# No core dump will be written. Minidumps are not enabled by default on client versions of Windows
#

---------------  S U M M A R Y ------------

Command Line: -Dfile.encoding=UTF-8 -Dstdout.encoding=UTF-8 -Dstderr.encoding=UTF-8 -XX:+ShowCodeDetailsInExceptionMessages qsp.Practice1

Host: Intel(R) Core(TM) i5-5200U CPU @ 2.20GHz, 4 cores, 3G,  Windows 11 , 64 bit Build 22000 (10.0.22000.2600)
Time: Thu Mar  7 18:36:58 2024 UTC-11 elapsed time: 14.566591 seconds (0d 0h 0m 14s)

---------------  T H R E A D  ---------------

Current thread (0x000001d0f9d5ba10):  JavaThread "C1 CompilerThread0" daemon [_thread_in_native, id=13640, stack(0x000000178b200000,0x000000178b300000) (1024K)]


Current CompileTask:
C1:  14566 1743       3       java.lang.invoke.LambdaFormEditor$TransformKey::of (49 bytes)

Stack: [0x000000178b200000,0x000000178b300000]
Native frames: (J=compiled Java code, j=interpreted, Vv=VM code, C=native code)
V  [jvm.dll+0x6c9029]
V  [jvm.dll+0x854b81]
V  [jvm.dll+0x856e5e]
V  [jvm.dll+0x857543]
V  [jvm.dll+0x280c06]
V  [jvm.dll+0xc3ead]
V  [jvm.dll+0xc43c3]
V  [jvm.dll+0x183abd]
V  [jvm.dll+0x17dd1e]
V  [jvm.dll+0x16be20]
V  [jvm.dll+0x1546c7]
V  [jvm.dll+0x154008]
V  [jvm.dll+0x154244]
V  [jvm.dll+0x153686]
V  [jvm.dll+0x1553ed]
V  [jvm.dll+0x2586b9]
V  [jvm.dll+0x256c9a]
V  [jvm.dll+0x3ef1b6]
V  [jvm.dll+0x7fd728]
V  [jvm.dll+0x6c777d]
C  [ucrtbase.dll+0x26c0c]
C  [KERNEL32.DLL+0x153e0]
C  [ntdll.dll+0x485b]


---------------  P R O C E S S  ---------------

Threads class SMR info:
_java_thread_list=0x000001d0fea31470, length=21, elements={
0x000001d0dd050920, 0x000001d0f9d41380, 0x000001d0f9d43820, 0x000001d0f9d46380,
0x000001d0f9d46de0, 0x000001d0f9d4e530, 0x000001d0f9d52ca0, 0x000001d0f9d56e20,
0x000001d0f9d5ba10, 0x000001d0f9d53330, 0x000001d0f9d54050, 0x000001d0f9d55400,
0x000001d0f9d54d70, 0x000001d0f9d55a90, 0x000001d0f9d52610, 0x000001d0f9d539c0,
0x000001d0fe566c70, 0x000001d0fe564ba0, 0x000001d0fe567990, 0x000001d0fe568020,
0x000001d0fe565f50
}

Java Threads: ( => current thread )
  0x000001d0dd050920 JavaThread "Forwarding newSession on session null to remote"        [_thread_in_vm, id=20124, stack(0x000000178a300000,0x000000178a400000) (1024K)]
  0x000001d0f9d41380 JavaThread "Reference Handler"          daemon [_thread_blocked, id=23536, stack(0x000000178ab00000,0x000000178ac00000) (1024K)]
  0x000001d0f9d43820 JavaThread "Finalizer"                  daemon [_thread_blocked, id=11436, stack(0x000000178ac00000,0x000000178ad00000) (1024K)]
  0x000001d0f9d46380 JavaThread "Signal Dispatcher"          daemon [_thread_blocked, id=22920, stack(0x000000178ad00000,0x000000178ae00000) (1024K)]
  0x000001d0f9d46de0 JavaThread "Attach Listener"            daemon [_thread_blocked, id=22504, stack(0x000000178ae00000,0x000000178af00000) (1024K)]
  0x000001d0f9d4e530 JavaThread "Service Thread"             daemon [_thread_blocked, id=17240, stack(0x000000178af00000,0x000000178b000000) (1024K)]
  0x000001d0f9d52ca0 JavaThread "Monitor Deflation Thread"   daemon [_thread_blocked, id=4112, stack(0x000000178b000000,0x000000178b100000) (1024K)]
  0x000001d0f9d56e20 JavaThread "C2 CompilerThread0"         daemon [_thread_in_native, id=1264, stack(0x000000178b100000,0x000000178b200000) (1024K)]
=>0x000001d0f9d5ba10 JavaThread "C1 CompilerThread0"         daemon [_thread_in_native, id=13640, stack(0x000000178b200000,0x000000178b300000) (1024K)]
  0x000001d0f9d53330 JavaThread "Notification Thread"        daemon [_thread_blocked, id=23432, stack(0x000000178b300000,0x000000178b400000) (1024K)]
  0x000001d0f9d54050 JavaThread "Common-Cleaner"             daemon [_thread_blocked, id=13888, stack(0x000000178b400000,0x000000178b500000) (1024K)]
  0x000001d0f9d55400 JavaThread "ForkJoinPool.commonPool-worker-1" daemon [_thread_blocked, id=19700, stack(0x000000178b500000,0x000000178b600000) (1024K)]
  0x000001d0f9d54d70 JavaThread "HttpClient-1-SelectorManager" daemon [_thread_in_native, id=8460, stack(0x000000178b900000,0x000000178ba00000) (1024K)]
  0x000001d0f9d55a90 JavaThread "External Process Output Forwarder - C:\Users\Jitendra\.cache\selenium\chromedriver\win64\122.0.6261.94\chromedriver.exe"        [_thread_in_native, id=14108, stack(0x000000178ba00000,0x000000178bb00000) (1024K)]
  0x000001d0f9d52610 JavaThread "Driver Service Executor"    daemon [_thread_blocked, id=8824, stack(0x000000178bb00000,0x000000178bc00000) (1024K)]
  0x000001d0f9d539c0 JavaThread "Driver Service Executor"    daemon [_thread_in_native, id=15716, stack(0x000000178bc00000,0x000000178bd00000) (1024K)]
  0x000001d0fe566c70 JavaThread "UrlChecker-2"               daemon [_thread_blocked, id=13876, stack(0x000000178bd00000,0x000000178be00000) (1024K)]
  0x000001d0fe564ba0 JavaThread "Keep-Alive-Timer"           daemon [_thread_blocked, id=21020, stack(0x000000178bf00000,0x000000178c000000) (1024K)]
  0x000001d0fe567990 JavaThread "pool-1-thread-1"                   [_thread_blocked, id=22400, stack(0x000000178c000000,0x000000178c100000) (1024K)]
  0x000001d0fe568020 JavaThread "pool-1-thread-2"                   [_thread_blocked, id=14640, stack(0x000000178c100000,0x000000178c200000) (1024K)]
  0x000001d0fe565f50 JavaThread "pool-1-thread-3"                   [_thread_blocked, id=12604, stack(0x000000178c200000,0x000000178c300000) (1024K)]
Total: 21

Other Threads:
  0x000001d0f9d23b50 VMThread "VM Thread"                           [id=16948, stack(0x000000178aa00000,0x000000178ab00000) (1024K)]
  0x000001d0dd21b8d0 WatcherThread "VM Periodic Task Thread"        [id=22380, stack(0x000000178a900000,0x000000178aa00000) (1024K)]
  0x000001d0dd187f80 WorkerThread "GC Thread#0"                     [id=13292, stack(0x000000178a400000,0x000000178a500000) (1024K)]
  0x000001d0fe629ba0 WorkerThread "GC Thread#1"                     [id=10384, stack(0x000000178b600000,0x000000178b700000) (1024K)]
  0x000001d0fe68aa60 WorkerThread "GC Thread#2"                     [id=16840, stack(0x000000178b700000,0x000000178b800000) (1024K)]
  0x000001d0fe68ae00 WorkerThread "GC Thread#3"                     [id=212, stack(0x000000178b800000,0x000000178b900000) (1024K)]
  0x000001d0dd192d10 ConcurrentGCThread "G1 Main Marker"            [id=19100, stack(0x000000178a500000,0x000000178a600000) (1024K)]
  0x000001d0dd193710 WorkerThread "G1 Conc#0"                       [id=12744, stack(0x000000178a600000,0x000000178a700000) (1024K)]
  0x000001d0dd20da20 ConcurrentGCThread "G1 Refine#0"               [id=17028, stack(0x000000178a700000,0x000000178a800000) (1024K)]
  0x000001d0dd20e890 ConcurrentGCThread "G1 Service"                [id=11020, stack(0x000000178a800000,0x000000178a900000) (1024K)]
Total: 10

Threads with active compile tasks:
C2 CompilerThread0    14632 1726       4       java.lang.invoke.MethodType::makeImpl (109 bytes)
C1 CompilerThread0    14633 1743       3       java.lang.invoke.LambdaFormEditor$TransformKey::of (49 bytes)
Total: 2

VM state: not at safepoint (normal execution)

VM Mutex/Monitor currently owned by a thread: None

Heap address: 0x00000000c1600000, size: 1002 MB, Compressed Oops mode: 32-bit

CDS archive(s) mapped at: [0x000001d080000000-0x000001d080c90000-0x000001d080c90000), size 13172736, SharedBaseAddress: 0x000001d080000000, ArchiveRelocationMode: 1.
Compressed class space mapped at: 0x000001d081000000-0x000001d0c1000000, reserved size: 1073741824
Narrow klass base: 0x000001d080000000, Narrow klass shift: 0, Narrow klass range: 0x100000000

GC Precious Log:
 CardTable entry size: 512
 Card Set container configuration: InlinePtr #cards 5 size 8 Array Of Cards #cards 12 size 40 Howl #buckets 4 coarsen threshold 1843 Howl Bitmap #cards 512 size 80 coarsen threshold 460 Card regions per heap region 1 cards per card region 2048
 CPUs: 4 total, 4 available
 Memory: 4000M
 Large Page Support: Disabled
 NUMA Support: Disabled
 Compressed Oops: Enabled (32-bit)
 Heap Region Size: 1M
 Heap Min Capacity: 8M
 Heap Initial Capacity: 64M
 Heap Max Capacity: 1002M
 Pre-touch: Disabled
 Parallel Workers: 4
 Concurrent Workers: 1
 Concurrent Refinement Workers: 4
 Periodic GC: Disabled

Heap:
 garbage-first heap   total 65536K, used 21223K [0x00000000c1600000, 0x0000000100000000)
  region size 1024K, 10 young (10240K), 2 survivors (2048K)
 Metaspace       used 12631K, committed 12992K, reserved 1114112K
  class space    used 1530K, committed 1728K, reserved 1048576K

Heap Regions: E=young(eden), S=young(survivor), O=old, HS=humongous(starts), HC=humongous(continues), CS=collection set, F=free, TAMS=top-at-mark-start, PB=parsable bottom
|   0|0x00000000c1600000, 0x00000000c1700000, 0x00000000c1700000|100%|HS|  |TAMS 0x00000000c1600000| PB 0x00000000c1600000| Complete 
|   1|0x00000000c1700000, 0x00000000c1800000, 0x00000000c1800000|100%|HC|  |TAMS 0x00000000c1700000| PB 0x00000000c1700000| Complete 
|   2|0x00000000c1800000, 0x00000000c1900000, 0x00000000c1900000|100%|HC|  |TAMS 0x00000000c1800000| PB 0x00000000c1800000| Complete 
|   3|0x00000000c1900000, 0x00000000c1a00000, 0x00000000c1a00000|100%| O|  |TAMS 0x00000000c1900000| PB 0x00000000c1900000| Untracked 
|   4|0x00000000c1a00000, 0x00000000c1b00000, 0x00000000c1b00000|100%|HS|  |TAMS 0x00000000c1a00000| PB 0x00000000c1a00000| Complete 
|   5|0x00000000c1b00000, 0x00000000c1c00000, 0x00000000c1c00000|100%|HS|  |TAMS 0x00000000c1b00000| PB 0x00000000c1b00000| Complete 
|   6|0x00000000c1c00000, 0x00000000c1d00000, 0x00000000c1d00000|100%|HC|  |TAMS 0x00000000c1c00000| PB 0x00000000c1c00000| Complete 
|   7|0x00000000c1d00000, 0x00000000c1e00000, 0x00000000c1e00000|100%| O|  |TAMS 0x00000000c1d00000| PB 0x00000000c1d00000| Untracked 
|   8|0x00000000c1e00000, 0x00000000c1f00000, 0x00000000c1f00000|100%| O|  |TAMS 0x00000000c1e00000| PB 0x00000000c1e00000| Untracked 
|   9|0x00000000c1f00000, 0x00000000c2000000, 0x00000000c2000000|100%| O|  |TAMS 0x00000000c1f00000| PB 0x00000000c1f00000| Untracked 
|  10|0x00000000c2000000, 0x00000000c2100000, 0x00000000c2100000|100%| O|  |TAMS 0x00000000c2000000| PB 0x00000000c2000000| Untracked 
|  11|0x00000000c2100000, 0x00000000c21b9c88, 0x00000000c2200000| 72%| O|  |TAMS 0x00000000c2100000| PB 0x00000000c2100000| Untracked 
|  12|0x00000000c2200000, 0x00000000c2200000, 0x00000000c2300000|  0%| F|  |TAMS 0x00000000c2200000| PB 0x00000000c2200000| Untracked 
|  13|0x00000000c2300000, 0x00000000c2300000, 0x00000000c2400000|  0%| F|  |TAMS 0x00000000c2300000| PB 0x00000000c2300000| Untracked 
|  14|0x00000000c2400000, 0x00000000c2400000, 0x00000000c2500000|  0%| F|  |TAMS 0x00000000c2400000| PB 0x00000000c2400000| Untracked 
|  15|0x00000000c2500000, 0x00000000c2500000, 0x00000000c2600000|  0%| F|  |TAMS 0x00000000c2500000| PB 0x00000000c2500000| Untracked 
|  16|0x00000000c2600000, 0x00000000c2600000, 0x00000000c2700000|  0%| F|  |TAMS 0x00000000c2600000| PB 0x00000000c2600000| Untracked 
|  17|0x00000000c2700000, 0x00000000c2700000, 0x00000000c2800000|  0%| F|  |TAMS 0x00000000c2700000| PB 0x00000000c2700000| Untracked 
|  18|0x00000000c2800000, 0x00000000c2800000, 0x00000000c2900000|  0%| F|  |TAMS 0x00000000c2800000| PB 0x00000000c2800000| Untracked 
|  19|0x00000000c2900000, 0x00000000c2900000, 0x00000000c2a00000|  0%| F|  |TAMS 0x00000000c2900000| PB 0x00000000c2900000| Untracked 
|  20|0x00000000c2a00000, 0x00000000c2a00000, 0x00000000c2b00000|  0%| F|  |TAMS 0x00000000c2a00000| PB 0x00000000c2a00000| Untracked 
|  21|0x00000000c2b00000, 0x00000000c2b00000, 0x00000000c2c00000|  0%| F|  |TAMS 0x00000000c2b00000| PB 0x00000000c2b00000| Untracked 
|  22|0x00000000c2c00000, 0x00000000c2c00000, 0x00000000c2d00000|  0%| F|  |TAMS 0x00000000c2c00000| PB 0x00000000c2c00000| Untracked 
|  23|0x00000000c2d00000, 0x00000000c2d00000, 0x00000000c2e00000|  0%| F|  |TAMS 0x00000000c2d00000| PB 0x00000000c2d00000| Untracked 
|  24|0x00000000c2e00000, 0x00000000c2e00000, 0x00000000c2f00000|  0%| F|  |TAMS 0x00000000c2e00000| PB 0x00000000c2e00000| Untracked 
|  25|0x00000000c2f00000, 0x00000000c2f00000, 0x00000000c3000000|  0%| F|  |TAMS 0x00000000c2f00000| PB 0x00000000c2f00000| Untracked 
|  26|0x00000000c3000000, 0x00000000c3000000, 0x00000000c3100000|  0%| F|  |TAMS 0x00000000c3000000| PB 0x00000000c3000000| Untracked 
|  27|0x00000000c3100000, 0x00000000c3100000, 0x00000000c3200000|  0%| F|  |TAMS 0x00000000c3100000| PB 0x00000000c3100000| Untracked 
|  28|0x00000000c3200000, 0x00000000c3200000, 0x00000000c3300000|  0%| F|  |TAMS 0x00000000c3200000| PB 0x00000000c3200000| Untracked 
|  29|0x00000000c3300000, 0x00000000c3300000, 0x00000000c3400000|  0%| F|  |TAMS 0x00000000c3300000| PB 0x00000000c3300000| Untracked 
|  30|0x00000000c3400000, 0x00000000c3400000, 0x00000000c3500000|  0%| F|  |TAMS 0x00000000c3400000| PB 0x00000000c3400000| Untracked 
|  31|0x00000000c3500000, 0x00000000c3500000, 0x00000000c3600000|  0%| F|  |TAMS 0x00000000c3500000| PB 0x00000000c3500000| Untracked 
|  32|0x00000000c3600000, 0x00000000c3600000, 0x00000000c3700000|  0%| F|  |TAMS 0x00000000c3600000| PB 0x00000000c3600000| Untracked 
|  33|0x00000000c3700000, 0x00000000c3700000, 0x00000000c3800000|  0%| F|  |TAMS 0x00000000c3700000| PB 0x00000000c3700000| Untracked 
|  34|0x00000000c3800000, 0x00000000c3800000, 0x00000000c3900000|  0%| F|  |TAMS 0x00000000c3800000| PB 0x00000000c3800000| Untracked 
|  35|0x00000000c3900000, 0x00000000c3900000, 0x00000000c3a00000|  0%| F|  |TAMS 0x00000000c3900000| PB 0x00000000c3900000| Untracked 
|  36|0x00000000c3a00000, 0x00000000c3a00000, 0x00000000c3b00000|  0%| F|  |TAMS 0x00000000c3a00000| PB 0x00000000c3a00000| Untracked 
|  37|0x00000000c3b00000, 0x00000000c3b00000, 0x00000000c3c00000|  0%| F|  |TAMS 0x00000000c3b00000| PB 0x00000000c3b00000| Untracked 
|  38|0x00000000c3c00000, 0x00000000c3c00000, 0x00000000c3d00000|  0%| F|  |TAMS 0x00000000c3c00000| PB 0x00000000c3c00000| Untracked 
|  39|0x00000000c3d00000, 0x00000000c3d00000, 0x00000000c3e00000|  0%| F|  |TAMS 0x00000000c3d00000| PB 0x00000000c3d00000| Untracked 
|  40|0x00000000c3e00000, 0x00000000c3e00000, 0x00000000c3f00000|  0%| F|  |TAMS 0x00000000c3e00000| PB 0x00000000c3e00000| Untracked 
|  41|0x00000000c3f00000, 0x00000000c3f00000, 0x00000000c4000000|  0%| F|  |TAMS 0x00000000c3f00000| PB 0x00000000c3f00000| Untracked 
|  42|0x00000000c4000000, 0x00000000c4000000, 0x00000000c4100000|  0%| F|  |TAMS 0x00000000c4000000| PB 0x00000000c4000000| Untracked 
|  43|0x00000000c4100000, 0x00000000c4100000, 0x00000000c4200000|  0%| F|  |TAMS 0x00000000c4100000| PB 0x00000000c4100000| Untracked 
|  44|0x00000000c4200000, 0x00000000c4200000, 0x00000000c4300000|  0%| F|  |TAMS 0x00000000c4200000| PB 0x00000000c4200000| Untracked 
|  45|0x00000000c4300000, 0x00000000c4300000, 0x00000000c4400000|  0%| F|  |TAMS 0x00000000c4300000| PB 0x00000000c4300000| Untracked 
|  46|0x00000000c4400000, 0x00000000c4400000, 0x00000000c4500000|  0%| F|  |TAMS 0x00000000c4400000| PB 0x00000000c4400000| Untracked 
|  47|0x00000000c4500000, 0x00000000c4500000, 0x00000000c4600000|  0%| F|  |TAMS 0x00000000c4500000| PB 0x00000000c4500000| Untracked 
|  48|0x00000000c4600000, 0x00000000c4700000, 0x00000000c4700000|100%| S|CS|TAMS 0x00000000c4600000| PB 0x00000000c4600000| Complete 
|  49|0x00000000c4700000, 0x00000000c4700000, 0x00000000c4800000|  0%| F|  |TAMS 0x00000000c4700000| PB 0x00000000c4700000| Untracked 
|  50|0x00000000c4800000, 0x00000000c4800000, 0x00000000c4900000|  0%| F|  |TAMS 0x00000000c4800000| PB 0x00000000c4800000| Untracked 
|  51|0x00000000c4900000, 0x00000000c4a00000, 0x00000000c4a00000|100%| S|CS|TAMS 0x00000000c4900000| PB 0x00000000c4900000| Complete 
|  52|0x00000000c4a00000, 0x00000000c4a00000, 0x00000000c4b00000|  0%| F|  |TAMS 0x00000000c4a00000| PB 0x00000000c4a00000| Untracked 
|  53|0x00000000c4b00000, 0x00000000c4b00000, 0x00000000c4c00000|  0%| F|  |TAMS 0x00000000c4b00000| PB 0x00000000c4b00000| Untracked 
|  54|0x00000000c4c00000, 0x00000000c4c00000, 0x00000000c4d00000|  0%| F|  |TAMS 0x00000000c4c00000| PB 0x00000000c4c00000| Untracked 
|  55|0x00000000c4d00000, 0x00000000c4d00000, 0x00000000c4e00000|  0%| F|  |TAMS 0x00000000c4d00000| PB 0x00000000c4d00000| Untracked 
|  56|0x00000000c4e00000, 0x00000000c4e7ed38, 0x00000000c4f00000| 49%| E|  |TAMS 0x00000000c4e00000| PB 0x00000000c4e00000| Complete 
|  57|0x00000000c4f00000, 0x00000000c5000000, 0x00000000c5000000|100%| E|CS|TAMS 0x00000000c4f00000| PB 0x00000000c4f00000| Complete 
|  58|0x00000000c5000000, 0x00000000c5100000, 0x00000000c5100000|100%| E|CS|TAMS 0x00000000c5000000| PB 0x00000000c5000000| Complete 
|  59|0x00000000c5100000, 0x00000000c5200000, 0x00000000c5200000|100%| E|CS|TAMS 0x00000000c5100000| PB 0x00000000c5100000| Complete 
|  60|0x00000000c5200000, 0x00000000c5300000, 0x00000000c5300000|100%| E|CS|TAMS 0x00000000c5200000| PB 0x00000000c5200000| Complete 
|  61|0x00000000c5300000, 0x00000000c5400000, 0x00000000c5400000|100%| E|CS|TAMS 0x00000000c5300000| PB 0x00000000c5300000| Complete 
|  62|0x00000000c5400000, 0x00000000c5500000, 0x00000000c5500000|100%| E|CS|TAMS 0x00000000c5400000| PB 0x00000000c5400000| Complete 
|  63|0x00000000c5500000, 0x00000000c5600000, 0x00000000c5600000|100%| E|CS|TAMS 0x00000000c5500000| PB 0x00000000c5500000| Complete 

Card table byte_map: [0x000001d0f65e0000,0x000001d0f67e0000] _byte_map_base: 0x000001d0f5fd5000

Marking Bits: (CMBitMap*) 0x000001d0dd189590
 Bits: [0x000001d0f67e0000, 0x000001d0f7788000)

Polling page: 0x000001d0dd010000

Metaspace:

Usage:
  Non-class:     10.84 MB used.
      Class:      1.49 MB used.
       Both:     12.34 MB used.

Virtual space:
  Non-class space:       64.00 MB reserved,      11.00 MB ( 17%) committed,  1 nodes.
      Class space:        1.00 GB reserved,       1.69 MB ( <1%) committed,  1 nodes.
             Both:        1.06 GB reserved,      12.69 MB (  1%) committed. 

Chunk freelists:
   Non-Class:  4.64 MB
       Class:  14.23 MB
        Both:  18.88 MB

MaxMetaspaceSize: unlimited
CompressedClassSpaceSize: 1.00 GB
Initial GC threshold: 21.00 MB
Current GC threshold: 21.00 MB
CDS: on
 - commit_granule_bytes: 65536.
 - commit_granule_words: 8192.
 - virtual_space_node_default_size: 8388608.
 - enlarge_chunks_in_place: 1.
 - use_allocation_guard: 0.


Internal statistics:

num_allocs_failed_limit: 0.
num_arena_births: 320.
num_arena_deaths: 0.
num_vsnodes_births: 2.
num_vsnodes_deaths: 0.
num_space_committed: 203.
num_space_uncommitted: 0.
num_chunks_returned_to_freelist: 0.
num_chunks_taken_from_freelist: 647.
num_chunk_merges: 0.
num_chunk_splits: 376.
num_chunks_enlarged: 211.
num_inconsistent_stats: 0.

CodeHeap 'non-profiled nmethods': size=120000Kb used=513Kb max_used=513Kb free=119486Kb
 bounds [0x000001d0ee880000, 0x000001d0eeaf0000, 0x000001d0f5db0000]
CodeHeap 'profiled nmethods': size=120000Kb used=3424Kb max_used=3424Kb free=116576Kb
 bounds [0x000001d0e6db0000, 0x000001d0e7110000, 0x000001d0ee2e0000]
CodeHeap 'non-nmethods': size=5760Kb used=1458Kb max_used=1473Kb free=4301Kb
 bounds [0x000001d0ee2e0000, 0x000001d0ee550000, 0x000001d0ee880000]
 total_blobs=2285 nmethods=1740 adapters=450
 compilation: enabled
              stopped_count=0, restarted_count=0
 full_count=0

Compilation events (20 events):
Event: 14.533 Thread 0x000001d0f9d5ba10 nmethod 1732 0x000001d0e7102690 code [0x000001d0e7102860, 0x000001d0e7102d80]
Event: 14.533 Thread 0x000001d0f9d5ba10 1733       3       java.lang.invoke.BoundMethodHandle$Species_LL::make (12 bytes)
Event: 14.534 Thread 0x000001d0f9d5ba10 nmethod 1733 0x000001d0e7102e90 code [0x000001d0e7103040, 0x000001d0e7103310]
Event: 14.534 Thread 0x000001d0f9d5ba10 1734       3       java.lang.invoke.BoundMethodHandle$Species_LL::<init> (18 bytes)
Event: 14.534 Thread 0x000001d0f9d5ba10 nmethod 1734 0x000001d0e7103410 code [0x000001d0e71035c0, 0x000001d0e7103850]
Event: 14.534 Thread 0x000001d0f9d5ba10 1736       3       java.lang.invoke.LambdaFormEditor::getInCache (165 bytes)
Event: 14.535 Thread 0x000001d0f9d5ba10 nmethod 1736 0x000001d0e7103990 code [0x000001d0e7103c20, 0x000001d0e7104b18]
Event: 14.535 Thread 0x000001d0f9d5ba10 1735       3       com.google.common.base.Splitter$1$1::separatorEnd (4 bytes)
Event: 14.535 Thread 0x000001d0f9d5ba10 nmethod 1735 0x000001d0e7104e90 code [0x000001d0e7105020, 0x000001d0e7105130]
Event: 14.536 Thread 0x000001d0f9d5ba10 1737       3       com.google.common.base.Splitter$SplittingIterator::computeNext (279 bytes)
Event: 14.539 Thread 0x000001d0f9d5ba10 nmethod 1737 0x000001d0e7105210 code [0x000001d0e7105520, 0x000001d0e7106868]
Event: 14.539 Thread 0x000001d0f9d5ba10 1738       3       com.google.common.collect.ImmutableList$Builder::add (6 bytes)
Event: 14.539 Thread 0x000001d0f9d5ba10 nmethod 1738 0x000001d0e7106d90 code [0x000001d0e7106f40, 0x000001d0e7107080]
Event: 14.539 Thread 0x000001d0f9d5ba10 1739       3       java.lang.invoke.BoundMethodHandle::bindArgumentL (11 bytes)
Event: 14.540 Thread 0x000001d0f9d5ba10 nmethod 1739 0x000001d0e7107110 code [0x000001d0e7107300, 0x000001d0e71077f0]
Event: 14.540 Thread 0x000001d0f9d5ba10 1740       3       java.lang.invoke.LambdaFormEditor::bindArgumentL (59 bytes)
Event: 14.540 Thread 0x000001d0f9d5ba10 nmethod 1740 0x000001d0e7107a10 code [0x000001d0e7107be0, 0x000001d0e7107e90]
Event: 14.540 Thread 0x000001d0f9d5ba10 1741       1       java.lang.invoke.MethodHandleImpl$AsVarargsCollector::getTarget (5 bytes)
Event: 14.540 Thread 0x000001d0f9d5ba10 nmethod 1741 0x000001d0ee900490 code [0x000001d0ee900620, 0x000001d0ee9006e8]
Event: 14.541 Thread 0x000001d0f9d5ba10 1743       3       java.lang.invoke.LambdaFormEditor$TransformKey::of (49 bytes)

GC Heap History (4 events):
Event: 4.371 GC heap before
{Heap before GC invocations=0 (full 0):
 garbage-first heap   total 65536K, used 19456K [0x00000000c1600000, 0x0000000100000000)
  region size 1024K, 13 young (13312K), 0 survivors (0K)
 Metaspace       used 3504K, committed 3712K, reserved 1114112K
  class space    used 419K, committed 512K, reserved 1048576K
}
Event: 4.384 GC heap after
{Heap after GC invocations=1 (full 0):
 garbage-first heap   total 65536K, used 11948K [0x00000000c1600000, 0x0000000100000000)
  region size 1024K, 2 young (2048K), 2 survivors (2048K)
 Metaspace       used 3504K, committed 3712K, reserved 1114112K
  class space    used 419K, committed 512K, reserved 1048576K
}
Event: 5.802 GC heap before
{Heap before GC invocations=1 (full 0):
 garbage-first heap   total 65536K, used 23212K [0x00000000c1600000, 0x0000000100000000)
  region size 1024K, 14 young (14336K), 2 survivors (2048K)
 Metaspace       used 9765K, committed 10048K, reserved 1114112K
  class space    used 1119K, committed 1216K, reserved 1048576K
}
Event: 5.809 GC heap after
{Heap after GC invocations=2 (full 0):
 garbage-first heap   total 65536K, used 14055K [0x00000000c1600000, 0x0000000100000000)
  region size 1024K, 2 young (2048K), 2 survivors (2048K)
 Metaspace       used 9765K, committed 10048K, reserved 1114112K
  class space    used 1119K, committed 1216K, reserved 1048576K
}

Dll operation events (8 events):
Event: 0.014 Loaded shared library C:\Program Files\Java\jdk-21\bin\java.dll
Event: 0.071 Loaded shared library C:\Program Files\Java\jdk-21\bin\jsvml.dll
Event: 0.197 Loaded shared library C:\Program Files\Java\jdk-21\bin\net.dll
Event: 0.200 Loaded shared library C:\Program Files\Java\jdk-21\bin\nio.dll
Event: 0.238 Loaded shared library C:\Program Files\Java\jdk-21\bin\zip.dll
Event: 0.306 Loaded shared library C:\Program Files\Java\jdk-21\bin\jimage.dll
Event: 0.453 Loaded shared library C:\Program Files\Java\jdk-21\bin\extnet.dll
Event: 5.036 Loaded shared library C:\Program Files\Java\jdk-21\bin\sunmscapi.dll

Deoptimization events (20 events):
Event: 5.208 Thread 0x000001d0dd050920 DEOPT PACKING pc=0x000001d0ee8a5ae4 sp=0x000000178a3fdbf0
Event: 5.208 Thread 0x000001d0dd050920 DEOPT UNPACKING pc=0x000001d0ee3346a2 sp=0x000000178a3fdba8 mode 2
Event: 5.208 Thread 0x000001d0dd050920 Uncommon trap: trap_request=0xffffffde fr.pc=0x000001d0ee8a5ae4 relative=0x0000000000000304
Event: 5.208 Thread 0x000001d0dd050920 Uncommon trap: reason=class_check action=maybe_recompile pc=0x000001d0ee8a5ae4 method=java.util.regex.Pattern$BmpCharPropertyGreedy.match(Ljava/util/regex/Matcher;ILjava/lang/CharSequence;)Z @ 26 c2
Event: 5.208 Thread 0x000001d0dd050920 DEOPT PACKING pc=0x000001d0ee8a5ae4 sp=0x000000178a3fdbf0
Event: 5.208 Thread 0x000001d0dd050920 DEOPT UNPACKING pc=0x000001d0ee3346a2 sp=0x000000178a3fdba8 mode 2
Event: 5.455 Thread 0x000001d0fe566c70 Uncommon trap: trap_request=0xffffffde fr.pc=0x000001d0ee8a5ae4 relative=0x0000000000000304
Event: 5.455 Thread 0x000001d0fe566c70 Uncommon trap: reason=class_check action=maybe_recompile pc=0x000001d0ee8a5ae4 method=java.util.regex.Pattern$BmpCharPropertyGreedy.match(Ljava/util/regex/Matcher;ILjava/lang/CharSequence;)Z @ 26 c2
Event: 5.455 Thread 0x000001d0fe566c70 DEOPT PACKING pc=0x000001d0ee8a5ae4 sp=0x000000178bdfe030
Event: 5.455 Thread 0x000001d0fe566c70 DEOPT UNPACKING pc=0x000001d0ee3346a2 sp=0x000000178bdfdfc8 mode 2
Event: 5.824 Thread 0x000001d0dd050920 Uncommon trap: trap_request=0xffffffde fr.pc=0x000001d0ee8ea30c relative=0x000000000000042c
Event: 5.824 Thread 0x000001d0dd050920 Uncommon trap: reason=class_check action=maybe_recompile pc=0x000001d0ee8ea30c method=java.lang.String.<init>(Ljava/lang/AbstractStringBuilder;Ljava/lang/Void;)V @ 10 c2
Event: 5.824 Thread 0x000001d0dd050920 DEOPT PACKING pc=0x000001d0ee8ea30c sp=0x000000178a3fe740
Event: 5.824 Thread 0x000001d0dd050920 DEOPT UNPACKING pc=0x000001d0ee3346a2 sp=0x000000178a3fe708 mode 2
Event: 5.991 Thread 0x000001d0dd050920 DEOPT PACKING pc=0x000001d0e6defd8e sp=0x000000178a3fcf10
Event: 5.991 Thread 0x000001d0dd050920 DEOPT UNPACKING pc=0x000001d0ee334e42 sp=0x000000178a3fc380 mode 0
Event: 14.495 Thread 0x000001d0dd050920 Uncommon trap: trap_request=0xffffffde fr.pc=0x000001d0ee8d324c relative=0x000000000000058c
Event: 14.495 Thread 0x000001d0dd050920 Uncommon trap: reason=class_check action=maybe_recompile pc=0x000001d0ee8d324c method=java.util.HashMap.putVal(ILjava/lang/Object;Ljava/lang/Object;ZZ)Ljava/lang/Object; @ 253 c2
Event: 14.495 Thread 0x000001d0dd050920 DEOPT PACKING pc=0x000001d0ee8d324c sp=0x000000178a3fe0b0
Event: 14.495 Thread 0x000001d0dd050920 DEOPT UNPACKING pc=0x000001d0ee3346a2 sp=0x000000178a3fe040 mode 2

Classes loaded (20 events):
Event: 14.208 Loading class java/util/stream/LongPipeline
Event: 14.210 Loading class java/util/stream/LongStream
Event: 14.214 Loading class java/util/stream/LongStream done
Event: 14.214 Loading class java/util/stream/LongPipeline done
Event: 14.214 Loading class java/util/stream/LongPipeline$StatelessOp done
Event: 14.214 Loading class java/util/stream/ReferencePipeline$5 done
Event: 14.216 Loading class java/util/stream/FindOps$FindSink$OfLong
Event: 14.217 Loading class java/util/stream/Sink$OfLong
Event: 14.218 Loading class java/util/stream/Sink$OfLong done
Event: 14.218 Loading class java/util/stream/FindOps$FindSink$OfLong done
Event: 14.218 Loading class java/util/OptionalLong
Event: 14.222 Loading class java/util/OptionalLong done
Event: 14.232 Loading class java/util/stream/ReferencePipeline$5$1
Event: 14.232 Loading class java/util/stream/ReferencePipeline$5$1 done
Event: 14.234 Loading class java/lang/invoke/VarHandleBytes$FieldInstanceReadWrite
Event: 14.236 Loading class java/lang/invoke/VarHandleBytes$FieldInstanceReadOnly
Event: 14.241 Loading class java/lang/invoke/VarHandleBytes$FieldInstanceReadOnly done
Event: 14.241 Loading class java/lang/invoke/VarHandleBytes$FieldInstanceReadWrite done
Event: 14.367 Loading class java/util/DualPivotQuicksort
Event: 14.368 Loading class java/util/DualPivotQuicksort done

Classes unloaded (0 events):
No events

Classes redefined (0 events):
No events

Internal exceptions (20 events):
Event: 4.786 Thread 0x000001d0dd050920 Exception <a 'java/lang/NoSuchMethodError'{0x00000000c52e57b0}: 'void java.lang.invoke.DirectMethodHandle$Holder.invokeVirtual(java.lang.Object, java.lang.Object)'> (0x00000000c52e57b0) 
thrown [s\open\src\hotspot\share\interpreter\linkResolver.cpp, line 773]
Event: 4.911 Thread 0x000001d0dd050920 Exception <a 'java/lang/NoSuchMethodError'{0x00000000c4e9f338}: 'java.lang.Object java.lang.invoke.DirectMethodHandle$Holder.invokeStaticInit(java.lang.Object, int, int, int, int)'> (0x00000000c4e9f338) 
thrown [s\open\src\hotspot\share\interpreter\linkResolver.cpp, line 773]
Event: 4.966 Thread 0x000001d0dd050920 Exception <a 'java/lang/NoSuchMethodError'{0x00000000c4d3c020}: 'java.lang.Object java.lang.invoke.DirectMethodHandle$Holder.invokeStaticInit(java.lang.Object, java.lang.Object, int, int, int, int)'> (0x00000000c4d3c020) 
thrown [s\open\src\hotspot\share\interpreter\linkResolver.cpp, line 773]
Event: 5.203 Thread 0x000001d0dd050920 Exception <a 'java/lang/NoSuchMethodError'{0x00000000c4cea690}: 'java.lang.Object java.lang.invoke.DirectMethodHandle$Holder.invokeInterface(java.lang.Object, java.lang.Object, java.lang.Object)'> (0x00000000c4cea690) 
thrown [s\open\src\hotspot\share\interpreter\linkResolver.cpp, line 773]
Event: 5.204 Thread 0x000001d0dd050920 Exception <a 'java/lang/IncompatibleClassChangeError'{0x00000000c4ceda78}: Found class java.lang.Object, but interface was expected> (0x00000000c4ceda78) 
thrown [s\open\src\hotspot\share\interpreter\linkResolver.cpp, line 840]
Event: 5.207 Thread 0x000001d0dd050920 Exception <a 'java/lang/NoSuchMethodError'{0x00000000c4cf4e78}: 'int java.lang.invoke.DirectMethodHandle$Holder.invokeSpecialIFC(java.lang.Object, java.lang.Object, java.lang.Object, java.lang.Object)'> (0x00000000c4cf4e78) 
thrown [s\open\src\hotspot\share\interpreter\linkResolver.cpp, line 773]
Event: 5.225 Thread 0x000001d0dd050920 Exception <a 'java/lang/NoSuchMethodError'{0x00000000c4b51500}: 'java.lang.Object java.lang.invoke.DirectMethodHandle$Holder.invokeVirtual(java.lang.Object, java.lang.Object, java.lang.Object, java.lang.Object)'> (0x00000000c4b51500) 
thrown [s\open\src\hotspot\share\interpreter\linkResolver.cpp, line 773]
Event: 5.466 Thread 0x000001d0fe566c70 Exception <a 'java/net/ConnectException'{0x00000000c4bc7cb8}: Connection refused: no further information> (0x00000000c4bc7cb8) 
thrown [s\open\src\hotspot\share\prims\jni.cpp, line 539]
Event: 5.478 Thread 0x000001d0fe566c70 Exception <a 'java/net/ConnectException'{0x00000000c4bc8db8}: Connection refused: no further information> (0x00000000c4bc8db8) 
thrown [s\open\src\hotspot\share\prims\jni.cpp, line 539]
Event: 5.527 Thread 0x000001d0fe566c70 Exception <a 'java/net/ConnectException'{0x00000000c4bc9ce0}: Connection refused: no further information> (0x00000000c4bc9ce0) 
thrown [s\open\src\hotspot\share\prims\jni.cpp, line 539]
Event: 5.587 Thread 0x000001d0fe566c70 Exception <a 'java/net/ConnectException'{0x00000000c4bcac08}: Connection refused: no further information> (0x00000000c4bcac08) 
thrown [s\open\src\hotspot\share\prims\jni.cpp, line 539]
Event: 5.792 Thread 0x000001d0dd050920 Exception <a 'java/lang/NoSuchMethodError'{0x00000000c4acf4f8}: 'java.lang.Object java.lang.invoke.DirectMethodHandle$Holder.newInvokeSpecial(java.lang.Object, java.lang.Object, int, int)'> (0x00000000c4acf4f8) 
thrown [s\open\src\hotspot\share\interpreter\linkResolver.cpp, line 773]
Event: 5.794 Thread 0x000001d0dd050920 Exception <a 'java/lang/NoSuchMethodError'{0x00000000c4ad9760}: 'void java.lang.invoke.DirectMethodHandle$Holder.invokeStatic(java.lang.Object, java.lang.Object, int)'> (0x00000000c4ad9760) 
thrown [s\open\src\hotspot\share\interpreter\linkResolver.cpp, line 773]
Event: 5.858 Thread 0x000001d0dd050920 Exception <a 'java/lang/NoSuchMethodError'{0x00000000c5403dc0}: 'java.lang.Object java.lang.invoke.DirectMethodHandle$Holder.newInvokeSpecial(java.lang.Object, java.lang.Object, java.lang.Object, java.lang.Object, java.lang.Object)'> (0x00000000c5403dc0) 
thrown [s\open\src\hotspot\share\interpreter\linkResolver.cpp, line 773]
Event: 5.988 Thread 0x000001d0dd050920 Exception <a 'java/lang/NoSuchMethodError'{0x00000000c5211888}: 'void java.lang.invoke.DirectMethodHandle$Holder.invokeSpecial(java.lang.Object, java.lang.Object, java.lang.Object)'> (0x00000000c5211888) 
thrown [s\open\src\hotspot\share\interpreter\linkResolver.cpp, line 773]
Event: 6.095 Thread 0x000001d0fe567990 Exception <a 'java/lang/NoSuchMethodError'{0x00000000c52c9f78}: 'java.lang.Object java.lang.invoke.DirectMethodHandle$Holder.invokeSpecial(java.lang.Object, java.lang.Object, java.lang.Object, java.lang.Object, int)'> (0x00000000c52c9f78) 
thrown [s\open\src\hotspot\share\interpreter\linkResolver.cpp, line 773]
Event: 6.096 Thread 0x000001d0fe567990 Exception <a 'java/lang/NoSuchMethodError'{0x00000000c52cd8c0}: 'java.lang.Object java.lang.invoke.Invokers$Holder.linkToTargetMethod(java.lang.Object, java.lang.Object, int, java.lang.Object)'> (0x00000000c52cd8c0) 
thrown [s\open\src\hotspot\share\interpreter\linkResolver.cpp, line 773]
Event: 6.157 Thread 0x000001d0fe567990 Exception <a 'java/lang/NoSuchMethodError'{0x00000000c510e010}: 'void java.lang.invoke.DirectMethodHandle$Holder.invokeSpecial(java.lang.Object, java.lang.Object, java.lang.Object, java.lang.Object, java.lang.Object)'> (0x00000000c510e010) 
thrown [s\open\src\hotspot\share\interpreter\linkResolver.cpp, line 773]
Event: 14.261 Thread 0x000001d0fe568020 Exception <a 'java/lang/NoSuchMethodError'{0x00000000c5022940}: 'void java.lang.invoke.DirectMethodHandle$Holder.invokeSpecial(java.lang.Object, java.lang.Object, java.lang.Object, java.lang.Object, java.lang.Object, java.lang.Object, java.lang.Object)'> (0x00000000c5022940) 
thrown [s\open\src\hotspot\share\interpreter\linkResolver.cpp, line 773]
Event: 14.478 Thread 0x000001d0dd050920 Exception <a 'java/lang/NoSuchMethodError'{0x00000000c4fa5e80}: 'java.lang.Object java.lang.invoke.DirectMethodHandle$Holder.invokeSpecialIFC(java.lang.Object, java.lang.Object, java.lang.Object)'> (0x00000000c4fa5e80) 
thrown [s\open\src\hotspot\share\interpreter\linkResolver.cpp, line 773]

ZGC Phase Switch (0 events):
No events

VM Operations (20 events):
Event: 4.780 Executing VM operation: HandshakeAllThreads (Deoptimize)
Event: 4.780 Executing VM operation: HandshakeAllThreads (Deoptimize) done
Event: 5.702 Executing VM operation: HandshakeAllThreads (Deoptimize)
Event: 5.703 Executing VM operation: HandshakeAllThreads (Deoptimize) done
Event: 5.703 Executing VM operation: Cleanup
Event: 5.703 Executing VM operation: Cleanup done
Event: 5.718 Executing VM operation: HandshakeAllThreads (Deoptimize)
Event: 5.719 Executing VM operation: HandshakeAllThreads (Deoptimize) done
Event: 5.802 Executing VM operation: G1CollectForAllocation (G1 Evacuation Pause)
Event: 5.809 Executing VM operation: G1CollectForAllocation (G1 Evacuation Pause) done
Event: 5.827 Executing VM operation: HandshakeAllThreads (Deoptimize)
Event: 5.827 Executing VM operation: HandshakeAllThreads (Deoptimize) done
Event: 6.828 Executing VM operation: Cleanup
Event: 6.828 Executing VM operation: Cleanup done
Event: 14.170 Executing VM operation: HandshakeAllThreads (Deoptimize)
Event: 14.170 Executing VM operation: HandshakeAllThreads (Deoptimize) done
Event: 14.186 Executing VM operation: HandshakeAllThreads (Deoptimize)
Event: 14.186 Executing VM operation: HandshakeAllThreads (Deoptimize) done
Event: 14.186 Executing VM operation: Cleanup
Event: 14.186 Executing VM operation: Cleanup done

Events (20 events):
Event: 0.068 Thread 0x000001d0f9d4e530 Thread added: 0x000001d0f9d4e530
Event: 0.069 Thread 0x000001d0f9d52ca0 Thread added: 0x000001d0f9d52ca0
Event: 0.069 Thread 0x000001d0f9d56e20 Thread added: 0x000001d0f9d56e20
Event: 0.069 Thread 0x000001d0f9d5ba10 Thread added: 0x000001d0f9d5ba10
Event: 0.181 Thread 0x000001d0f9d53330 Thread added: 0x000001d0f9d53330
Event: 0.186 Thread 0x000001d0f9d54050 Thread added: 0x000001d0f9d54050
Event: 0.230 Thread 0x000001d0fe0bbb90 Thread added: 0x000001d0fe0bbb90
Event: 2.635 Thread 0x000001d0fe0bbb90 Thread exited: 0x000001d0fe0bbb90
Event: 2.670 Thread 0x000001d0f9d539c0 Thread added: 0x000001d0f9d539c0
Event: 4.119 Thread 0x000001d0f9d539c0 Thread exited: 0x000001d0f9d539c0
Event: 4.293 Thread 0x000001d0f9d55400 Thread added: 0x000001d0f9d55400
Event: 5.103 Thread 0x000001d0f9d54d70 Thread added: 0x000001d0f9d54d70
Event: 5.410 Thread 0x000001d0f9d55a90 Thread added: 0x000001d0f9d55a90
Event: 5.413 Thread 0x000001d0f9d52610 Thread added: 0x000001d0f9d52610
Event: 5.414 Thread 0x000001d0f9d539c0 Thread added: 0x000001d0f9d539c0
Event: 5.439 Thread 0x000001d0fe566c70 Thread added: 0x000001d0fe566c70
Event: 5.702 Thread 0x000001d0fe564ba0 Thread added: 0x000001d0fe564ba0
Event: 6.059 Thread 0x000001d0fe567990 Thread added: 0x000001d0fe567990
Event: 6.196 Thread 0x000001d0fe568020 Thread added: 0x000001d0fe568020
Event: 6.200 Thread 0x000001d0fe565f50 Thread added: 0x000001d0fe565f50


Dynamic libraries:
0x00007ff6aa3d0000 - 0x00007ff6aa3e0000 	C:\Program Files\Java\jdk-21\bin\javaw.exe
0x00007ffcd00a0000 - 0x00007ffcd02a9000 	C:\Windows\SYSTEM32\ntdll.dll
0x00007ffcceb30000 - 0x00007ffccebed000 	C:\Windows\System32\KERNEL32.DLL
0x00007ffccd8c0000 - 0x00007ffccdc45000 	C:\Windows\System32\KERNELBASE.dll
0x00007ffccdc50000 - 0x00007ffccdd61000 	C:\Windows\System32\ucrtbase.dll
0x00007ffcbab60000 - 0x00007ffcbab7b000 	C:\Program Files\Java\jdk-21\bin\VCRUNTIME140.dll
0x00007ffcbabc0000 - 0x00007ffcbabd9000 	C:\Program Files\Java\jdk-21\bin\jli.dll
0x00007ffccffa0000 - 0x00007ffcd0052000 	C:\Windows\System32\ADVAPI32.dll
0x00007ffccede0000 - 0x00007ffccee83000 	C:\Windows\System32\msvcrt.dll
0x00007ffccebf0000 - 0x00007ffccec92000 	C:\Windows\System32\sechost.dll
0x00007ffccd890000 - 0x00007ffccd8b7000 	C:\Windows\System32\bcrypt.dll
0x00007ffccf9f0000 - 0x00007ffccfb12000 	C:\Windows\System32\RPCRT4.dll
0x00007ffcce0c0000 - 0x00007ffcce26c000 	C:\Windows\System32\USER32.dll
0x00007ffccd4e0000 - 0x00007ffccd506000 	C:\Windows\System32\win32u.dll
0x00007ffccc710000 - 0x00007ffccc9b5000 	C:\Windows\WinSxS\amd64_microsoft.windows.common-controls_6595b64144ccf1df_6.0.22000.2600_none_1b65155c6ae217ae\COMCTL32.dll
0x00007ffccdf50000 - 0x00007ffccdf79000 	C:\Windows\System32\GDI32.dll
0x00007ffccd680000 - 0x00007ffccd79b000 	C:\Windows\System32\gdi32full.dll
0x00007ffccdd70000 - 0x00007ffccde0d000 	C:\Windows\System32\msvcp_win.dll
0x00007ffcc4b10000 - 0x00007ffcc4b1a000 	C:\Windows\SYSTEM32\VERSION.dll
0x00007ffccea80000 - 0x00007ffcceab1000 	C:\Windows\System32\IMM32.DLL
0x00007ffcc0b60000 - 0x00007ffcc0b6c000 	C:\Program Files\Java\jdk-21\bin\vcruntime140_1.dll
0x00007ffcb5ef0000 - 0x00007ffcb5f7e000 	C:\Program Files\Java\jdk-21\bin\msvcp140.dll
0x00007ffc9d590000 - 0x00007ffc9e2a5000 	C:\Program Files\Java\jdk-21\bin\server\jvm.dll
0x00007ffccf030000 - 0x00007ffccf09f000 	C:\Windows\System32\WS2_32.dll
0x00007ffccd050000 - 0x00007ffccd09d000 	C:\Windows\SYSTEM32\POWRPROF.dll
0x00007ffcc77e0000 - 0x00007ffcc7813000 	C:\Windows\SYSTEM32\WINMM.dll
0x00007ffccca30000 - 0x00007ffccca43000 	C:\Windows\SYSTEM32\UMPDC.dll
0x00007ffccbf70000 - 0x00007ffccbf88000 	C:\Windows\SYSTEM32\kernel.appcore.dll
0x00007ffcbe020000 - 0x00007ffcbe02a000 	C:\Program Files\Java\jdk-21\bin\jimage.dll
0x00007ffccce20000 - 0x00007ffccd041000 	C:\Windows\SYSTEM32\DBGHELP.DLL
0x00007ffcccb80000 - 0x00007ffcccbb1000 	C:\Windows\SYSTEM32\dbgcore.DLL
0x00007ffccd810000 - 0x00007ffccd88f000 	C:\Windows\System32\bcryptPrimitives.dll
0x00007ffcbc3e0000 - 0x00007ffcbc3ff000 	C:\Program Files\Java\jdk-21\bin\java.dll
0x00007ffccf0b0000 - 0x00007ffccf875000 	C:\Windows\System32\SHELL32.dll
0x00007ffccaf30000 - 0x00007ffccb792000 	C:\Windows\SYSTEM32\windows.storage.dll
0x00007ffcce690000 - 0x00007ffccea06000 	C:\Windows\System32\combase.dll
0x00007ffccadc0000 - 0x00007ffccaf27000 	C:\Windows\SYSTEM32\wintypes.dll
0x00007ffcce270000 - 0x00007ffcce35a000 	C:\Windows\System32\SHCORE.dll
0x00007ffccf970000 - 0x00007ffccf9cd000 	C:\Windows\System32\shlwapi.dll
0x00007ffccd410000 - 0x00007ffccd435000 	C:\Windows\SYSTEM32\profapi.dll
0x00007ffcbaf50000 - 0x00007ffcbb027000 	C:\Program Files\Java\jdk-21\bin\jsvml.dll
0x00007ffcbc5c0000 - 0x00007ffcbc5d0000 	C:\Program Files\Java\jdk-21\bin\net.dll
0x00007ffcc7820000 - 0x00007ffcc7934000 	C:\Windows\SYSTEM32\WINHTTP.dll
0x00007ffccc540000 - 0x00007ffccc5a7000 	C:\Windows\system32\mswsock.dll
0x00007ffcbc390000 - 0x00007ffcbc3a6000 	C:\Program Files\Java\jdk-21\bin\nio.dll
0x00007ffcbc350000 - 0x00007ffcbc368000 	C:\Program Files\Java\jdk-21\bin\zip.dll
0x00007ffcca490000 - 0x00007ffcca497000 	C:\Program Files\Java\jdk-21\bin\extnet.dll
0x00007ffccba10000 - 0x00007ffccbaf7000 	C:\Windows\SYSTEM32\DNSAPI.dll
0x00007ffccb9e0000 - 0x00007ffccba0d000 	C:\Windows\SYSTEM32\IPHLPAPI.DLL
0x00007ffccdf80000 - 0x00007ffccdf89000 	C:\Windows\System32\NSI.dll
0x00007ffcbc8f0000 - 0x00007ffcbc8fa000 	C:\Windows\System32\rasadhlp.dll
0x00007ffcc46c0000 - 0x00007ffcc4741000 	C:\Windows\System32\fwpuclnt.dll
0x00007ffccd180000 - 0x00007ffccd198000 	C:\Windows\SYSTEM32\CRYPTSP.dll
0x00007ffccbed0000 - 0x00007ffccbf05000 	C:\Windows\system32\rsaenh.dll
0x00007ffccc650000 - 0x00007ffccc67c000 	C:\Windows\SYSTEM32\USERENV.dll
0x00007ffccc4d0000 - 0x00007ffccc4dc000 	C:\Windows\SYSTEM32\CRYPTBASE.dll
0x00007ffcca4f0000 - 0x00007ffcca4fe000 	C:\Program Files\Java\jdk-21\bin\sunmscapi.dll
0x00007ffccd510000 - 0x00007ffccd672000 	C:\Windows\System32\CRYPT32.dll
0x00007ffccca00000 - 0x00007ffccca2a000 	C:\Windows\SYSTEM32\ncrypt.dll
0x00007ffccc9c0000 - 0x00007ffccc9f7000 	C:\Windows\SYSTEM32\NTASN1.dll
0x00007ffcbabb0000 - 0x00007ffcbabb8000 	C:\Windows\system32\wshunix.dll

dbghelp: loaded successfully - version: 4.0.5 - missing functions: none
symbol engine: initialized successfully - sym options: 0x614 - pdb path: .;C:\Program Files\Java\jdk-21\bin;C:\Windows\SYSTEM32;C:\Windows\WinSxS\amd64_microsoft.windows.common-controls_6595b64144ccf1df_6.0.22000.2600_none_1b65155c6ae217ae;C:\Program Files\Java\jdk-21\bin\server

VM Arguments:
jvm_args: -Dfile.encoding=UTF-8 -Dstdout.encoding=UTF-8 -Dstderr.encoding=UTF-8 -XX:+ShowCodeDetailsInExceptionMessages 
java_command: qsp.Practice1
java_class_path (initial): C:\Users\Jitendra\eclipse-workspace\Automation\Omega\bin;C:\Users\Jitendra\eclipse-workspace\Automation\Omega\jar\selenium-server-4.16.1.jar;C:\Users\Jitendra\eclipse-workspace\Automation\Omega\jar\batik-anim-1.14.jar;C:\Users\Jitendra\eclipse-workspace\Automation\Omega\jar\batik-awt-util-1.14.jar;C:\Users\Jitendra\eclipse-workspace\Automation\Omega\jar\batik-bridge-1.14.jar;C:\Users\Jitendra\eclipse-workspace\Automation\Omega\jar\batik-codec-1.14.jar;C:\Users\Jitendra\eclipse-workspace\Automation\Omega\jar\batik-constants-1.14.jar;C:\Users\Jitendra\eclipse-workspace\Automation\Omega\jar\batik-css-1.14.jar;C:\Users\Jitendra\eclipse-workspace\Automation\Omega\jar\batik-dom-1.14.jar;C:\Users\Jitendra\eclipse-workspace\Automation\Omega\jar\batik-ext-1.14.jar;C:\Users\Jitendra\eclipse-workspace\Automation\Omega\jar\batik-gvt-1.14.jar;C:\Users\Jitendra\eclipse-workspace\Automation\Omega\jar\batik-i18n-1.14.jar;C:\Users\Jitendra\eclipse-workspace\Automation\Omega\jar\batik-parser-1.14.jar;C:\Users\Jitendra\eclipse-workspace\Automation\Omega\jar\batik-script-1.14.jar;C:\Users\Jitendra\eclipse-workspace\Automation\Omega\jar\batik-shared-resources-1.14.jar;C:\Users\Jitendra\eclipse-workspace\Automation\Omega\jar\batik-svg-dom-1.14.jar;C:\Users\Jitendra\eclipse-workspace\Automation\Omega\jar\batik-svggen-1.14.jar;C:\Users\Jitendra\eclipse-workspace\Automation\Omega\jar\batik-svgrasterizer-1.14.jar;C:\Users\Jitendra\eclipse-workspace\Automation\Omega\jar\batik-transcoder-1.14.jar;C:\Users\Jitendra\eclipse-workspace\Automation\Omega\jar\batik-util-1.14.jar;C:\Users\Jitendra\eclipse-workspace\Automation\Omega\jar\batik-xml-1.14.jar;C:\Users\Jitendra\eclipse-workspace\Automation\Omega\jar\bcpkix-jdk15on-1.70.jar;C:\Users\Jitendra\eclipse-workspace\Automation\Omega\jar\bcprov-jdk15on-1.70.jar;C:\Users\Jitendra\eclipse-workspace\Automation\Omega\jar\bcutil-jdk15on-1.70.jar;C:\Users\Jitendra\eclipse-workspace\Automation\Omega\jar\commons-codec-1.15.jar;C:\Users\Jitendra\eclipse-workspace\Automation\Omega\jar\commons-collections4-4.4.jar;C:\Users\Jitendra\eclipse-workspace\Automation\Omega\jar\commons-compress-1.21.jar;C:\Users\Jitendra\eclipse-workspace\Automation\Omega\jar\commons-io-2.11.0.jar;C:\Users\Jitendra\eclipse-workspace\Automation\Omega\jar\commons-logging-1.2.jar;C:\Users\Jitendra\eclipse-workspace\Automation\Omega\jar\commons-math3-3.6.1.jar;C:\Users\Jitendra\eclipse-workspace\Automation\Omega\jar\curvesapi-1.07.jar;C:\Users\Jitendra\eclipse-workspace\Automation\Omega\jar\fontbox-2.0.26.jar;C:\Users\Jitendra\eclipse-workspace\Automation\Omega\jar\graphics2d-0.40.jar;C:\Users\Jitendra\eclipse-workspace\Automation\Omega\jar\jakarta.activation-2.0.1.jar;C:\Users\Jitendra\eclipse-workspace\Automation\Omega\jar\jakarta.xml.bind-api-3.0.1.jar;C:\Users\Jitendra\eclipse-workspace\Automation\Omega\jar\log4j-api-2.18.0.jar;C:\Users\Jitendra\eclipse-workspace\Automation\Omega\jar\pdfbox-2.0.26.jar;C:\Users\Jitendra\eclipse-workspace\Automation\Omega\jar\poi-5.2.3.jar;C:\Users\Jitendra\eclipse-workspace\Automation\Omega\jar\poi-examples-5.2.3.jar;C:\Users\Jitendra\eclipse-workspace\Automation\Omega\jar\poi-excelant-5.2.3.jar;C:\Users\Jitendra\eclipse-workspace\Automation\Omega\jar\poi-javadoc-5.2.3.jar;C:\Users\Jitendra\eclipse-workspace\Automation\Omega\jar\poi-ooxml-5.2.3.jar;C:\Users\Jitendra\eclipse-workspace\Automation\Omega\jar\poi-ooxml-full-5.2.3.jar;C:\Users\Jitendra\eclipse-workspace\Automation\Omega\jar\poi-ooxml-lite-5.2.3.jar;C:\Users\Jitendra\eclipse-workspace\Automation\Omega\jar\poi-scratchpad-5.2.3.jar;C:\Users\Jitendra\eclipse-workspace\Automation\Omega\jar\slf4j-api-1.7.36.jar;C:\Users\Jitendra\eclipse-workspace\Automation\Omega\jar\SparseBitSet-1.2.jar;C:\Users\Jitendra\eclipse-workspace\Automation\Omega\jar\xml-apis-1.4.01.jar;C:\Users\Jitendra\eclipse-workspace\Automation\Omega\jar\xml-apis-ext-1.3.04.jar;C:\Users\Jitendra\eclipse-workspace\Automation\Omega\jar\xmlbeans-5.1.1.jar;C:\Users\Jitendra\eclipse-workspace\Automation\Omega\jar\xmlgraphics-commons-2.6.jar;C:\Users\Jitendra\eclipse-workspace\Automation\Omega\jar\xmlsec-3.0.0.jar;C:\Users\Jitendra\.p2\pool\plugins\org.testng_7.4.0.r202105021533.jar;C:\Users\Jitendra\.p2\pool\plugins\com.beust.jcommander_1.78.0.jar;C:\Users\Jitendra\.p2\pool\plugins\org.apache-extras.beanshell.bsh_2.0.0.b6.jar;C:\Users\Jitendra\.p2\pool\plugins\org.yaml.snakeyaml_1.21.0.jar;C:\Users\Jitendra\.p2\pool\plugins\org.webjars.jquery_3.5.1.jar;C:\Users\Jitendra\.p2\pool\plugins\org.junit_4.13.2.v20230809-1000.jar;C:\Users\Jitendra\.p2\pool\plugins\org.hamcrest_2.2.0.jar;C:\Users\Jitendra\.p2\pool\plugins\org.hamcrest.core_2.2.0.v20230809-1000.jar
Launcher Type: SUN_STANDARD

[Global flags]
     intx CICompilerCount                          = 3                                         {product} {ergonomic}
     uint ConcGCThreads                            = 1                                         {product} {ergonomic}
     uint G1ConcRefinementThreads                  = 4                                         {product} {ergonomic}
   size_t G1HeapRegionSize                         = 1048576                                   {product} {ergonomic}
    uintx GCDrainStackTargetSize                   = 64                                        {product} {ergonomic}
   size_t InitialHeapSize                          = 67108864                                  {product} {ergonomic}
   size_t MarkStackSize                            = 4194304                                   {product} {ergonomic}
   size_t MaxHeapSize                              = 1050673152                                {product} {ergonomic}
   size_t MaxNewSize                               = 630194176                                 {product} {ergonomic}
   size_t MinHeapDeltaBytes                        = 1048576                                   {product} {ergonomic}
   size_t MinHeapSize                              = 8388608                                   {product} {ergonomic}
    uintx NonNMethodCodeHeapSize                   = 5832780                                {pd product} {ergonomic}
    uintx NonProfiledCodeHeapSize                  = 122912730                              {pd product} {ergonomic}
    uintx ProfiledCodeHeapSize                     = 122912730                              {pd product} {ergonomic}
    uintx ReservedCodeCacheSize                    = 251658240                              {pd product} {ergonomic}
     bool SegmentedCodeCache                       = true                                      {product} {ergonomic}
     bool ShowCodeDetailsInExceptionMessages       = true                                   {manageable} {command line}
   size_t SoftMaxHeapSize                          = 1050673152                             {manageable} {ergonomic}
     bool UseCompressedOops                        = true                           {product lp64_product} {ergonomic}
     bool UseG1GC                                  = true                                      {product} {ergonomic}
     bool UseLargePagesIndividualAllocation        = false                                  {pd product} {ergonomic}

Logging:
Log output configuration:
 #0: stdout all=warning uptime,level,tags foldmultilines=false
 #1: stderr all=off uptime,level,tags foldmultilines=false

Environment Variables:
PATH=C:/Program Files/Java/jdk-21/bin/server;C:/Program Files/Java/jdk-21/bin;C:\Program Files\Common Files\Oracle\Java\javapath;C:\oracle\product\10.2.0\db_1\bin;C:\Windows\system32;C:\Windows;C:\Windows\System32\Wbem;C:\Windows\System32\WindowsPowerShell\v1.0\;C:\Windows\System32\OpenSSH\;C:\Program Files\Git\cmd;C:\Program Files\nodejs;C:\Program Files\nodejs\;C:\Users\Jitendra\AppData\Local\Microsoft\WindowsApps;C:\Program Files\nodejs;C:\Users\Jitendra\AppData\Roaming\npm;C:\Users\Jitendra\AppData\Local\Programs\Microsoft VS Code\bin;C:\Users\Jitendra\Desktop;
USERNAME=Jitendra
OS=Windows_NT
PROCESSOR_IDENTIFIER=Intel64 Family 6 Model 61 Stepping 4, GenuineIntel
TMP=C:\Users\Jitendra\AppData\Local\Temp
TEMP=C:\Users\Jitendra\AppData\Local\Temp




Periodic native trim disabled

---------------  S Y S T E M  ---------------

OS:
 Windows 11 , 64 bit Build 22000 (10.0.22000.2600)
OS uptime: 0 days 6:14 hours

CPU: total 4 (initial active 4) (2 cores per cpu, 2 threads per core) family 6 model 61 stepping 4 microcode 0x2f, cx8, cmov, fxsr, ht, mmx, 3dnowpref, sse, sse2, sse3, ssse3, sse4.1, sse4.2, popcnt, lzcnt, tsc, tscinvbit, avx, avx2, aes, erms, clmul, bmi1, bmi2, adx, fma, vzeroupper, clflush, rdtscp, f16c
Processor Information for all 4 processors :
  Max Mhz: 2201, Current Mhz: 2201, Mhz Limit: 2201

Memory: 4k page, system-wide physical 4000M (322M free)
TotalPageFile size 16288M (AvailPageFile size 57M)
current process WorkingSet (physical memory assigned to process): 90M, peak: 90M
current process commit charge ("private bytes"): 159M, peak: 159M

vm_info: Java HotSpot(TM) 64-Bit Server VM (21.0.1+12-LTS-29) for windows-amd64 JRE (21.0.1+12-LTS-29), built on 2023-10-05T13:27:09Z by "mach5one" with MS VC++ 17.1 (VS2022)

END.
